2024-07-29T09:10:42.118+08:00  INFO 17980 --- [taskmanager] [restartedMain] c.k.taskmanager.TaskManagerApplication   : Starting TaskManagerApplication using Java 17.0.11 with PID 17980 (C:\know-your-neighborhood\TaskManager\backend\target\classes started by khooc in C:\know-your-neighborhood\TaskManager\backend)
2024-07-29T09:10:42.129+08:00  INFO 17980 --- [taskmanager] [restartedMain] c.k.taskmanager.TaskManagerApplication   : No active profile set, falling back to 1 default profile: "default"
2024-07-29T09:10:42.204+08:00  INFO 17980 --- [taskmanager] [restartedMain] .e.DevToolsPropertyDefaultsPostProcessor : Devtools property defaults active! Set 'spring.devtools.add-properties' to 'false' to disable
2024-07-29T09:10:42.205+08:00  INFO 17980 --- [taskmanager] [restartedMain] .e.DevToolsPropertyDefaultsPostProcessor : For additional web related logging consider setting the 'logging.level.web' property to 'DEBUG'
2024-07-29T09:10:44.313+08:00  INFO 17980 --- [taskmanager] [restartedMain] .s.d.r.c.RepositoryConfigurationDelegate : Bootstrapping Spring Data JPA repositories in DEFAULT mode.
2024-07-29T09:10:44.395+08:00  INFO 17980 --- [taskmanager] [restartedMain] .s.d.r.c.RepositoryConfigurationDelegate : Finished Spring Data repository scanning in 70 ms. Found 3 JPA repository interfaces.
2024-07-29T09:10:45.639+08:00  INFO 17980 --- [taskmanager] [restartedMain] o.s.b.w.embedded.tomcat.TomcatWebServer  : Tomcat initialized with port 8080 (http)
2024-07-29T09:10:45.656+08:00  INFO 17980 --- [taskmanager] [restartedMain] o.apache.catalina.core.StandardService   : Starting service [Tomcat]
2024-07-29T09:10:45.657+08:00  INFO 17980 --- [taskmanager] [restartedMain] o.apache.catalina.core.StandardEngine    : Starting Servlet engine: [Apache Tomcat/10.1.24]
2024-07-29T09:10:45.725+08:00  INFO 17980 --- [taskmanager] [restartedMain] o.a.c.c.C.[Tomcat].[localhost].[/]       : Initializing Spring embedded WebApplicationContext
2024-07-29T09:10:45.726+08:00  INFO 17980 --- [taskmanager] [restartedMain] w.s.c.ServletWebServerApplicationContext : Root WebApplicationContext: initialization completed in 3517 ms
2024-07-29T09:10:45.947+08:00 DEBUG 17980 --- [taskmanager] [restartedMain] o.s.w.f.ServerHttpObservationFilter      : Filter 'webMvcObservationFilter' configured for use
2024-07-29T09:10:46.146+08:00  INFO 17980 --- [taskmanager] [restartedMain] o.hibernate.jpa.internal.util.LogHelper  : HHH000204: Processing PersistenceUnitInfo [name: default]
2024-07-29T09:10:46.279+08:00  INFO 17980 --- [taskmanager] [restartedMain] org.hibernate.Version                    : HHH000412: Hibernate ORM core version 6.5.2.Final
2024-07-29T09:10:46.354+08:00  INFO 17980 --- [taskmanager] [restartedMain] o.h.c.internal.RegionFactoryInitiator    : HHH000026: Second-level cache disabled
2024-07-29T09:10:46.894+08:00  INFO 17980 --- [taskmanager] [restartedMain] o.s.o.j.p.SpringPersistenceUnitInfo      : No LoadTimeWeaver setup: ignoring JPA class transformer
2024-07-29T09:10:46.939+08:00  INFO 17980 --- [taskmanager] [restartedMain] com.zaxxer.hikari.HikariDataSource       : HikariPool-1 - Starting...
2024-07-29T09:10:47.448+08:00  INFO 17980 --- [taskmanager] [restartedMain] com.zaxxer.hikari.pool.HikariPool        : HikariPool-1 - Added connection com.mysql.cj.jdbc.ConnectionImpl@419bbc79
2024-07-29T09:10:47.451+08:00  INFO 17980 --- [taskmanager] [restartedMain] com.zaxxer.hikari.HikariDataSource       : HikariPool-1 - Start completed.
2024-07-29T09:10:47.544+08:00  WARN 17980 --- [taskmanager] [restartedMain] org.hibernate.orm.deprecation            : HHH90000025: MySQL8Dialect does not need to be specified explicitly using 'hibernate.dialect' (remove the property setting and it will be selected by default)
2024-07-29T09:10:47.546+08:00  WARN 17980 --- [taskmanager] [restartedMain] org.hibernate.orm.deprecation            : HHH90000026: MySQL8Dialect has been deprecated; use org.hibernate.dialect.MySQLDialect instead
2024-07-29T09:10:48.739+08:00  INFO 17980 --- [taskmanager] [restartedMain] o.h.e.t.j.p.i.JtaPlatformInitiator       : HHH000489: No JTA platform available (set 'hibernate.transaction.jta.platform' to enable JTA platform integration)
2024-07-29T09:10:48.830+08:00  WARN 17980 --- [taskmanager] [restartedMain] o.h.t.s.i.ExceptionHandlerLoggedImpl     : GenerationTarget encountered exception accepting command : Error executing DDL "alter table roles modify column id bigint not null auto_increment" via JDBC [Referencing column 'role_id' and referenced column 'id' in foreign key constraint 'user_roles_ibfk_2' are incompatible.]

org.hibernate.tool.schema.spi.CommandAcceptanceException: Error executing DDL "alter table roles modify column id bigint not null auto_increment" via JDBC [Referencing column 'role_id' and referenced column 'id' in foreign key constraint 'user_roles_ibfk_2' are incompatible.]
	at org.hibernate.tool.schema.internal.exec.GenerationTargetToDatabase.accept(GenerationTargetToDatabase.java:94) ~[hibernate-core-6.5.2.Final.jar:6.5.2.Final]
	at org.hibernate.tool.schema.internal.AbstractSchemaMigrator.applySqlString(AbstractSchemaMigrator.java:575) ~[hibernate-core-6.5.2.Final.jar:6.5.2.Final]
	at org.hibernate.tool.schema.internal.AbstractSchemaMigrator.applySqlStrings(AbstractSchemaMigrator.java:515) ~[hibernate-core-6.5.2.Final.jar:6.5.2.Final]
	at org.hibernate.tool.schema.internal.AbstractSchemaMigrator.migrateTable(AbstractSchemaMigrator.java:333) ~[hibernate-core-6.5.2.Final.jar:6.5.2.Final]
	at org.hibernate.tool.schema.internal.GroupedSchemaMigratorImpl.performTablesMigration(GroupedSchemaMigratorImpl.java:84) ~[hibernate-core-6.5.2.Final.jar:6.5.2.Final]
	at org.hibernate.tool.schema.internal.AbstractSchemaMigrator.performMigration(AbstractSchemaMigrator.java:232) ~[hibernate-core-6.5.2.Final.jar:6.5.2.Final]
	at org.hibernate.tool.schema.internal.AbstractSchemaMigrator.doMigration(AbstractSchemaMigrator.java:117) ~[hibernate-core-6.5.2.Final.jar:6.5.2.Final]
	at org.hibernate.tool.schema.spi.SchemaManagementToolCoordinator.performDatabaseAction(SchemaManagementToolCoordinator.java:280) ~[hibernate-core-6.5.2.Final.jar:6.5.2.Final]
	at org.hibernate.tool.schema.spi.SchemaManagementToolCoordinator.lambda$process$5(SchemaManagementToolCoordinator.java:144) ~[hibernate-core-6.5.2.Final.jar:6.5.2.Final]
	at java.base/java.util.HashMap.forEach(HashMap.java:1421) ~[na:na]
	at org.hibernate.tool.schema.spi.SchemaManagementToolCoordinator.process(SchemaManagementToolCoordinator.java:141) ~[hibernate-core-6.5.2.Final.jar:6.5.2.Final]
	at org.hibernate.boot.internal.SessionFactoryObserverForSchemaExport.sessionFactoryCreated(SessionFactoryObserverForSchemaExport.java:37) ~[hibernate-core-6.5.2.Final.jar:6.5.2.Final]
	at org.hibernate.internal.SessionFactoryObserverChain.sessionFactoryCreated(SessionFactoryObserverChain.java:35) ~[hibernate-core-6.5.2.Final.jar:6.5.2.Final]
	at org.hibernate.internal.SessionFactoryImpl.<init>(SessionFactoryImpl.java:322) ~[hibernate-core-6.5.2.Final.jar:6.5.2.Final]
	at org.hibernate.boot.internal.SessionFactoryBuilderImpl.build(SessionFactoryBuilderImpl.java:457) ~[hibernate-core-6.5.2.Final.jar:6.5.2.Final]
	at org.hibernate.jpa.boot.internal.EntityManagerFactoryBuilderImpl.build(EntityManagerFactoryBuilderImpl.java:1506) ~[hibernate-core-6.5.2.Final.jar:6.5.2.Final]
	at org.springframework.orm.jpa.vendor.SpringHibernateJpaPersistenceProvider.createContainerEntityManagerFactory(SpringHibernateJpaPersistenceProvider.java:75) ~[spring-orm-6.1.8.jar:6.1.8]
	at org.springframework.orm.jpa.LocalContainerEntityManagerFactoryBean.createNativeEntityManagerFactory(LocalContainerEntityManagerFactoryBean.java:390) ~[spring-orm-6.1.8.jar:6.1.8]
	at org.springframework.orm.jpa.AbstractEntityManagerFactoryBean.buildNativeEntityManagerFactory(AbstractEntityManagerFactoryBean.java:409) ~[spring-orm-6.1.8.jar:6.1.8]
	at org.springframework.orm.jpa.AbstractEntityManagerFactoryBean.afterPropertiesSet(AbstractEntityManagerFactoryBean.java:396) ~[spring-orm-6.1.8.jar:6.1.8]
	at org.springframework.orm.jpa.LocalContainerEntityManagerFactoryBean.afterPropertiesSet(LocalContainerEntityManagerFactoryBean.java:366) ~[spring-orm-6.1.8.jar:6.1.8]
	at org.springframework.beans.factory.support.AbstractAutowireCapableBeanFactory.invokeInitMethods(AbstractAutowireCapableBeanFactory.java:1835) ~[spring-beans-6.1.8.jar:6.1.8]
	at org.springframework.beans.factory.support.AbstractAutowireCapableBeanFactory.initializeBean(AbstractAutowireCapableBeanFactory.java:1784) ~[spring-beans-6.1.8.jar:6.1.8]
	at org.springframework.beans.factory.support.AbstractAutowireCapableBeanFactory.doCreateBean(AbstractAutowireCapableBeanFactory.java:600) ~[spring-beans-6.1.8.jar:6.1.8]
	at org.springframework.beans.factory.support.AbstractAutowireCapableBeanFactory.createBean(AbstractAutowireCapableBeanFactory.java:522) ~[spring-beans-6.1.8.jar:6.1.8]
	at org.springframework.beans.factory.support.AbstractBeanFactory.lambda$doGetBean$0(AbstractBeanFactory.java:337) ~[spring-beans-6.1.8.jar:6.1.8]
	at org.springframework.beans.factory.support.DefaultSingletonBeanRegistry.getSingleton(DefaultSingletonBeanRegistry.java:234) ~[spring-beans-6.1.8.jar:6.1.8]
	at org.springframework.beans.factory.support.AbstractBeanFactory.doGetBean(AbstractBeanFactory.java:335) ~[spring-beans-6.1.8.jar:6.1.8]
	at org.springframework.beans.factory.support.AbstractBeanFactory.getBean(AbstractBeanFactory.java:205) ~[spring-beans-6.1.8.jar:6.1.8]
	at org.springframework.context.support.AbstractApplicationContext.finishBeanFactoryInitialization(AbstractApplicationContext.java:952) ~[spring-context-6.1.8.jar:6.1.8]
	at org.springframework.context.support.AbstractApplicationContext.refresh(AbstractApplicationContext.java:624) ~[spring-context-6.1.8.jar:6.1.8]
	at org.springframework.boot.web.servlet.context.ServletWebServerApplicationContext.refresh(ServletWebServerApplicationContext.java:146) ~[spring-boot-3.3.0.jar:3.3.0]
	at org.springframework.boot.SpringApplication.refresh(SpringApplication.java:754) ~[spring-boot-3.3.0.jar:3.3.0]
	at org.springframework.boot.SpringApplication.refreshContext(SpringApplication.java:456) ~[spring-boot-3.3.0.jar:3.3.0]
	at org.springframework.boot.SpringApplication.run(SpringApplication.java:335) ~[spring-boot-3.3.0.jar:3.3.0]
	at org.springframework.boot.SpringApplication.run(SpringApplication.java:1363) ~[spring-boot-3.3.0.jar:3.3.0]
	at org.springframework.boot.SpringApplication.run(SpringApplication.java:1352) ~[spring-boot-3.3.0.jar:3.3.0]
	at com.khooch.taskmanager.TaskManagerApplication.main(TaskManagerApplication.java:10) ~[classes/:na]
	at java.base/jdk.internal.reflect.NativeMethodAccessorImpl.invoke0(Native Method) ~[na:na]
	at java.base/jdk.internal.reflect.NativeMethodAccessorImpl.invoke(NativeMethodAccessorImpl.java:77) ~[na:na]
	at java.base/jdk.internal.reflect.DelegatingMethodAccessorImpl.invoke(DelegatingMethodAccessorImpl.java:43) ~[na:na]
	at java.base/java.lang.reflect.Method.invoke(Method.java:568) ~[na:na]
	at org.springframework.boot.devtools.restart.RestartLauncher.run(RestartLauncher.java:50) ~[spring-boot-devtools-3.3.0.jar:3.3.0]
Caused by: java.sql.SQLException: Referencing column 'role_id' and referenced column 'id' in foreign key constraint 'user_roles_ibfk_2' are incompatible.
	at com.mysql.cj.jdbc.exceptions.SQLError.createSQLException(SQLError.java:130) ~[mysql-connector-j-8.3.0.jar:8.3.0]
	at com.mysql.cj.jdbc.exceptions.SQLExceptionsMapping.translateException(SQLExceptionsMapping.java:122) ~[mysql-connector-j-8.3.0.jar:8.3.0]
	at com.mysql.cj.jdbc.StatementImpl.executeInternal(StatementImpl.java:770) ~[mysql-connector-j-8.3.0.jar:8.3.0]
	at com.mysql.cj.jdbc.StatementImpl.execute(StatementImpl.java:653) ~[mysql-connector-j-8.3.0.jar:8.3.0]
	at com.zaxxer.hikari.pool.ProxyStatement.execute(ProxyStatement.java:94) ~[HikariCP-5.1.0.jar:na]
	at com.zaxxer.hikari.pool.HikariProxyStatement.execute(HikariProxyStatement.java) ~[HikariCP-5.1.0.jar:na]
	at org.hibernate.tool.schema.internal.exec.GenerationTargetToDatabase.accept(GenerationTargetToDatabase.java:80) ~[hibernate-core-6.5.2.Final.jar:6.5.2.Final]
	... 42 common frames omitted

2024-07-29T09:10:48.844+08:00  WARN 17980 --- [taskmanager] [restartedMain] o.h.t.s.i.ExceptionHandlerLoggedImpl     : GenerationTarget encountered exception accepting command : Error executing DDL "alter table user_roles modify column user_id bigint not null" via JDBC [Referencing column 'user_id' and referenced column 'id' in foreign key constraint 'user_roles_ibfk_1' are incompatible.]

org.hibernate.tool.schema.spi.CommandAcceptanceException: Error executing DDL "alter table user_roles modify column user_id bigint not null" via JDBC [Referencing column 'user_id' and referenced column 'id' in foreign key constraint 'user_roles_ibfk_1' are incompatible.]
	at org.hibernate.tool.schema.internal.exec.GenerationTargetToDatabase.accept(GenerationTargetToDatabase.java:94) ~[hibernate-core-6.5.2.Final.jar:6.5.2.Final]
	at org.hibernate.tool.schema.internal.AbstractSchemaMigrator.applySqlString(AbstractSchemaMigrator.java:575) ~[hibernate-core-6.5.2.Final.jar:6.5.2.Final]
	at org.hibernate.tool.schema.internal.AbstractSchemaMigrator.applySqlStrings(AbstractSchemaMigrator.java:515) ~[hibernate-core-6.5.2.Final.jar:6.5.2.Final]
	at org.hibernate.tool.schema.internal.AbstractSchemaMigrator.migrateTable(AbstractSchemaMigrator.java:333) ~[hibernate-core-6.5.2.Final.jar:6.5.2.Final]
	at org.hibernate.tool.schema.internal.GroupedSchemaMigratorImpl.performTablesMigration(GroupedSchemaMigratorImpl.java:84) ~[hibernate-core-6.5.2.Final.jar:6.5.2.Final]
	at org.hibernate.tool.schema.internal.AbstractSchemaMigrator.performMigration(AbstractSchemaMigrator.java:232) ~[hibernate-core-6.5.2.Final.jar:6.5.2.Final]
	at org.hibernate.tool.schema.internal.AbstractSchemaMigrator.doMigration(AbstractSchemaMigrator.java:117) ~[hibernate-core-6.5.2.Final.jar:6.5.2.Final]
	at org.hibernate.tool.schema.spi.SchemaManagementToolCoordinator.performDatabaseAction(SchemaManagementToolCoordinator.java:280) ~[hibernate-core-6.5.2.Final.jar:6.5.2.Final]
	at org.hibernate.tool.schema.spi.SchemaManagementToolCoordinator.lambda$process$5(SchemaManagementToolCoordinator.java:144) ~[hibernate-core-6.5.2.Final.jar:6.5.2.Final]
	at java.base/java.util.HashMap.forEach(HashMap.java:1421) ~[na:na]
	at org.hibernate.tool.schema.spi.SchemaManagementToolCoordinator.process(SchemaManagementToolCoordinator.java:141) ~[hibernate-core-6.5.2.Final.jar:6.5.2.Final]
	at org.hibernate.boot.internal.SessionFactoryObserverForSchemaExport.sessionFactoryCreated(SessionFactoryObserverForSchemaExport.java:37) ~[hibernate-core-6.5.2.Final.jar:6.5.2.Final]
	at org.hibernate.internal.SessionFactoryObserverChain.sessionFactoryCreated(SessionFactoryObserverChain.java:35) ~[hibernate-core-6.5.2.Final.jar:6.5.2.Final]
	at org.hibernate.internal.SessionFactoryImpl.<init>(SessionFactoryImpl.java:322) ~[hibernate-core-6.5.2.Final.jar:6.5.2.Final]
	at org.hibernate.boot.internal.SessionFactoryBuilderImpl.build(SessionFactoryBuilderImpl.java:457) ~[hibernate-core-6.5.2.Final.jar:6.5.2.Final]
	at org.hibernate.jpa.boot.internal.EntityManagerFactoryBuilderImpl.build(EntityManagerFactoryBuilderImpl.java:1506) ~[hibernate-core-6.5.2.Final.jar:6.5.2.Final]
	at org.springframework.orm.jpa.vendor.SpringHibernateJpaPersistenceProvider.createContainerEntityManagerFactory(SpringHibernateJpaPersistenceProvider.java:75) ~[spring-orm-6.1.8.jar:6.1.8]
	at org.springframework.orm.jpa.LocalContainerEntityManagerFactoryBean.createNativeEntityManagerFactory(LocalContainerEntityManagerFactoryBean.java:390) ~[spring-orm-6.1.8.jar:6.1.8]
	at org.springframework.orm.jpa.AbstractEntityManagerFactoryBean.buildNativeEntityManagerFactory(AbstractEntityManagerFactoryBean.java:409) ~[spring-orm-6.1.8.jar:6.1.8]
	at org.springframework.orm.jpa.AbstractEntityManagerFactoryBean.afterPropertiesSet(AbstractEntityManagerFactoryBean.java:396) ~[spring-orm-6.1.8.jar:6.1.8]
	at org.springframework.orm.jpa.LocalContainerEntityManagerFactoryBean.afterPropertiesSet(LocalContainerEntityManagerFactoryBean.java:366) ~[spring-orm-6.1.8.jar:6.1.8]
	at org.springframework.beans.factory.support.AbstractAutowireCapableBeanFactory.invokeInitMethods(AbstractAutowireCapableBeanFactory.java:1835) ~[spring-beans-6.1.8.jar:6.1.8]
	at org.springframework.beans.factory.support.AbstractAutowireCapableBeanFactory.initializeBean(AbstractAutowireCapableBeanFactory.java:1784) ~[spring-beans-6.1.8.jar:6.1.8]
	at org.springframework.beans.factory.support.AbstractAutowireCapableBeanFactory.doCreateBean(AbstractAutowireCapableBeanFactory.java:600) ~[spring-beans-6.1.8.jar:6.1.8]
	at org.springframework.beans.factory.support.AbstractAutowireCapableBeanFactory.createBean(AbstractAutowireCapableBeanFactory.java:522) ~[spring-beans-6.1.8.jar:6.1.8]
	at org.springframework.beans.factory.support.AbstractBeanFactory.lambda$doGetBean$0(AbstractBeanFactory.java:337) ~[spring-beans-6.1.8.jar:6.1.8]
	at org.springframework.beans.factory.support.DefaultSingletonBeanRegistry.getSingleton(DefaultSingletonBeanRegistry.java:234) ~[spring-beans-6.1.8.jar:6.1.8]
	at org.springframework.beans.factory.support.AbstractBeanFactory.doGetBean(AbstractBeanFactory.java:335) ~[spring-beans-6.1.8.jar:6.1.8]
	at org.springframework.beans.factory.support.AbstractBeanFactory.getBean(AbstractBeanFactory.java:205) ~[spring-beans-6.1.8.jar:6.1.8]
	at org.springframework.context.support.AbstractApplicationContext.finishBeanFactoryInitialization(AbstractApplicationContext.java:952) ~[spring-context-6.1.8.jar:6.1.8]
	at org.springframework.context.support.AbstractApplicationContext.refresh(AbstractApplicationContext.java:624) ~[spring-context-6.1.8.jar:6.1.8]
	at org.springframework.boot.web.servlet.context.ServletWebServerApplicationContext.refresh(ServletWebServerApplicationContext.java:146) ~[spring-boot-3.3.0.jar:3.3.0]
	at org.springframework.boot.SpringApplication.refresh(SpringApplication.java:754) ~[spring-boot-3.3.0.jar:3.3.0]
	at org.springframework.boot.SpringApplication.refreshContext(SpringApplication.java:456) ~[spring-boot-3.3.0.jar:3.3.0]
	at org.springframework.boot.SpringApplication.run(SpringApplication.java:335) ~[spring-boot-3.3.0.jar:3.3.0]
	at org.springframework.boot.SpringApplication.run(SpringApplication.java:1363) ~[spring-boot-3.3.0.jar:3.3.0]
	at org.springframework.boot.SpringApplication.run(SpringApplication.java:1352) ~[spring-boot-3.3.0.jar:3.3.0]
	at com.khooch.taskmanager.TaskManagerApplication.main(TaskManagerApplication.java:10) ~[classes/:na]
	at java.base/jdk.internal.reflect.NativeMethodAccessorImpl.invoke0(Native Method) ~[na:na]
	at java.base/jdk.internal.reflect.NativeMethodAccessorImpl.invoke(NativeMethodAccessorImpl.java:77) ~[na:na]
	at java.base/jdk.internal.reflect.DelegatingMethodAccessorImpl.invoke(DelegatingMethodAccessorImpl.java:43) ~[na:na]
	at java.base/java.lang.reflect.Method.invoke(Method.java:568) ~[na:na]
	at org.springframework.boot.devtools.restart.RestartLauncher.run(RestartLauncher.java:50) ~[spring-boot-devtools-3.3.0.jar:3.3.0]
Caused by: java.sql.SQLException: Referencing column 'user_id' and referenced column 'id' in foreign key constraint 'user_roles_ibfk_1' are incompatible.
	at com.mysql.cj.jdbc.exceptions.SQLError.createSQLException(SQLError.java:130) ~[mysql-connector-j-8.3.0.jar:8.3.0]
	at com.mysql.cj.jdbc.exceptions.SQLExceptionsMapping.translateException(SQLExceptionsMapping.java:122) ~[mysql-connector-j-8.3.0.jar:8.3.0]
	at com.mysql.cj.jdbc.StatementImpl.executeInternal(StatementImpl.java:770) ~[mysql-connector-j-8.3.0.jar:8.3.0]
	at com.mysql.cj.jdbc.StatementImpl.execute(StatementImpl.java:653) ~[mysql-connector-j-8.3.0.jar:8.3.0]
	at com.zaxxer.hikari.pool.ProxyStatement.execute(ProxyStatement.java:94) ~[HikariCP-5.1.0.jar:na]
	at com.zaxxer.hikari.pool.HikariProxyStatement.execute(HikariProxyStatement.java) ~[HikariCP-5.1.0.jar:na]
	at org.hibernate.tool.schema.internal.exec.GenerationTargetToDatabase.accept(GenerationTargetToDatabase.java:80) ~[hibernate-core-6.5.2.Final.jar:6.5.2.Final]
	... 42 common frames omitted

2024-07-29T09:10:48.854+08:00  WARN 17980 --- [taskmanager] [restartedMain] o.h.t.s.i.ExceptionHandlerLoggedImpl     : GenerationTarget encountered exception accepting command : Error executing DDL "alter table user_roles modify column role_id bigint not null" via JDBC [Referencing column 'role_id' and referenced column 'id' in foreign key constraint 'user_roles_ibfk_2' are incompatible.]

org.hibernate.tool.schema.spi.CommandAcceptanceException: Error executing DDL "alter table user_roles modify column role_id bigint not null" via JDBC [Referencing column 'role_id' and referenced column 'id' in foreign key constraint 'user_roles_ibfk_2' are incompatible.]
	at org.hibernate.tool.schema.internal.exec.GenerationTargetToDatabase.accept(GenerationTargetToDatabase.java:94) ~[hibernate-core-6.5.2.Final.jar:6.5.2.Final]
	at org.hibernate.tool.schema.internal.AbstractSchemaMigrator.applySqlString(AbstractSchemaMigrator.java:575) ~[hibernate-core-6.5.2.Final.jar:6.5.2.Final]
	at org.hibernate.tool.schema.internal.AbstractSchemaMigrator.applySqlStrings(AbstractSchemaMigrator.java:515) ~[hibernate-core-6.5.2.Final.jar:6.5.2.Final]
	at org.hibernate.tool.schema.internal.AbstractSchemaMigrator.migrateTable(AbstractSchemaMigrator.java:333) ~[hibernate-core-6.5.2.Final.jar:6.5.2.Final]
	at org.hibernate.tool.schema.internal.GroupedSchemaMigratorImpl.performTablesMigration(GroupedSchemaMigratorImpl.java:84) ~[hibernate-core-6.5.2.Final.jar:6.5.2.Final]
	at org.hibernate.tool.schema.internal.AbstractSchemaMigrator.performMigration(AbstractSchemaMigrator.java:232) ~[hibernate-core-6.5.2.Final.jar:6.5.2.Final]
	at org.hibernate.tool.schema.internal.AbstractSchemaMigrator.doMigration(AbstractSchemaMigrator.java:117) ~[hibernate-core-6.5.2.Final.jar:6.5.2.Final]
	at org.hibernate.tool.schema.spi.SchemaManagementToolCoordinator.performDatabaseAction(SchemaManagementToolCoordinator.java:280) ~[hibernate-core-6.5.2.Final.jar:6.5.2.Final]
	at org.hibernate.tool.schema.spi.SchemaManagementToolCoordinator.lambda$process$5(SchemaManagementToolCoordinator.java:144) ~[hibernate-core-6.5.2.Final.jar:6.5.2.Final]
	at java.base/java.util.HashMap.forEach(HashMap.java:1421) ~[na:na]
	at org.hibernate.tool.schema.spi.SchemaManagementToolCoordinator.process(SchemaManagementToolCoordinator.java:141) ~[hibernate-core-6.5.2.Final.jar:6.5.2.Final]
	at org.hibernate.boot.internal.SessionFactoryObserverForSchemaExport.sessionFactoryCreated(SessionFactoryObserverForSchemaExport.java:37) ~[hibernate-core-6.5.2.Final.jar:6.5.2.Final]
	at org.hibernate.internal.SessionFactoryObserverChain.sessionFactoryCreated(SessionFactoryObserverChain.java:35) ~[hibernate-core-6.5.2.Final.jar:6.5.2.Final]
	at org.hibernate.internal.SessionFactoryImpl.<init>(SessionFactoryImpl.java:322) ~[hibernate-core-6.5.2.Final.jar:6.5.2.Final]
	at org.hibernate.boot.internal.SessionFactoryBuilderImpl.build(SessionFactoryBuilderImpl.java:457) ~[hibernate-core-6.5.2.Final.jar:6.5.2.Final]
	at org.hibernate.jpa.boot.internal.EntityManagerFactoryBuilderImpl.build(EntityManagerFactoryBuilderImpl.java:1506) ~[hibernate-core-6.5.2.Final.jar:6.5.2.Final]
	at org.springframework.orm.jpa.vendor.SpringHibernateJpaPersistenceProvider.createContainerEntityManagerFactory(SpringHibernateJpaPersistenceProvider.java:75) ~[spring-orm-6.1.8.jar:6.1.8]
	at org.springframework.orm.jpa.LocalContainerEntityManagerFactoryBean.createNativeEntityManagerFactory(LocalContainerEntityManagerFactoryBean.java:390) ~[spring-orm-6.1.8.jar:6.1.8]
	at org.springframework.orm.jpa.AbstractEntityManagerFactoryBean.buildNativeEntityManagerFactory(AbstractEntityManagerFactoryBean.java:409) ~[spring-orm-6.1.8.jar:6.1.8]
	at org.springframework.orm.jpa.AbstractEntityManagerFactoryBean.afterPropertiesSet(AbstractEntityManagerFactoryBean.java:396) ~[spring-orm-6.1.8.jar:6.1.8]
	at org.springframework.orm.jpa.LocalContainerEntityManagerFactoryBean.afterPropertiesSet(LocalContainerEntityManagerFactoryBean.java:366) ~[spring-orm-6.1.8.jar:6.1.8]
	at org.springframework.beans.factory.support.AbstractAutowireCapableBeanFactory.invokeInitMethods(AbstractAutowireCapableBeanFactory.java:1835) ~[spring-beans-6.1.8.jar:6.1.8]
	at org.springframework.beans.factory.support.AbstractAutowireCapableBeanFactory.initializeBean(AbstractAutowireCapableBeanFactory.java:1784) ~[spring-beans-6.1.8.jar:6.1.8]
	at org.springframework.beans.factory.support.AbstractAutowireCapableBeanFactory.doCreateBean(AbstractAutowireCapableBeanFactory.java:600) ~[spring-beans-6.1.8.jar:6.1.8]
	at org.springframework.beans.factory.support.AbstractAutowireCapableBeanFactory.createBean(AbstractAutowireCapableBeanFactory.java:522) ~[spring-beans-6.1.8.jar:6.1.8]
	at org.springframework.beans.factory.support.AbstractBeanFactory.lambda$doGetBean$0(AbstractBeanFactory.java:337) ~[spring-beans-6.1.8.jar:6.1.8]
	at org.springframework.beans.factory.support.DefaultSingletonBeanRegistry.getSingleton(DefaultSingletonBeanRegistry.java:234) ~[spring-beans-6.1.8.jar:6.1.8]
	at org.springframework.beans.factory.support.AbstractBeanFactory.doGetBean(AbstractBeanFactory.java:335) ~[spring-beans-6.1.8.jar:6.1.8]
	at org.springframework.beans.factory.support.AbstractBeanFactory.getBean(AbstractBeanFactory.java:205) ~[spring-beans-6.1.8.jar:6.1.8]
	at org.springframework.context.support.AbstractApplicationContext.finishBeanFactoryInitialization(AbstractApplicationContext.java:952) ~[spring-context-6.1.8.jar:6.1.8]
	at org.springframework.context.support.AbstractApplicationContext.refresh(AbstractApplicationContext.java:624) ~[spring-context-6.1.8.jar:6.1.8]
	at org.springframework.boot.web.servlet.context.ServletWebServerApplicationContext.refresh(ServletWebServerApplicationContext.java:146) ~[spring-boot-3.3.0.jar:3.3.0]
	at org.springframework.boot.SpringApplication.refresh(SpringApplication.java:754) ~[spring-boot-3.3.0.jar:3.3.0]
	at org.springframework.boot.SpringApplication.refreshContext(SpringApplication.java:456) ~[spring-boot-3.3.0.jar:3.3.0]
	at org.springframework.boot.SpringApplication.run(SpringApplication.java:335) ~[spring-boot-3.3.0.jar:3.3.0]
	at org.springframework.boot.SpringApplication.run(SpringApplication.java:1363) ~[spring-boot-3.3.0.jar:3.3.0]
	at org.springframework.boot.SpringApplication.run(SpringApplication.java:1352) ~[spring-boot-3.3.0.jar:3.3.0]
	at com.khooch.taskmanager.TaskManagerApplication.main(TaskManagerApplication.java:10) ~[classes/:na]
	at java.base/jdk.internal.reflect.NativeMethodAccessorImpl.invoke0(Native Method) ~[na:na]
	at java.base/jdk.internal.reflect.NativeMethodAccessorImpl.invoke(NativeMethodAccessorImpl.java:77) ~[na:na]
	at java.base/jdk.internal.reflect.DelegatingMethodAccessorImpl.invoke(DelegatingMethodAccessorImpl.java:43) ~[na:na]
	at java.base/java.lang.reflect.Method.invoke(Method.java:568) ~[na:na]
	at org.springframework.boot.devtools.restart.RestartLauncher.run(RestartLauncher.java:50) ~[spring-boot-devtools-3.3.0.jar:3.3.0]
Caused by: java.sql.SQLException: Referencing column 'role_id' and referenced column 'id' in foreign key constraint 'user_roles_ibfk_2' are incompatible.
	at com.mysql.cj.jdbc.exceptions.SQLError.createSQLException(SQLError.java:130) ~[mysql-connector-j-8.3.0.jar:8.3.0]
	at com.mysql.cj.jdbc.exceptions.SQLExceptionsMapping.translateException(SQLExceptionsMapping.java:122) ~[mysql-connector-j-8.3.0.jar:8.3.0]
	at com.mysql.cj.jdbc.StatementImpl.executeInternal(StatementImpl.java:770) ~[mysql-connector-j-8.3.0.jar:8.3.0]
	at com.mysql.cj.jdbc.StatementImpl.execute(StatementImpl.java:653) ~[mysql-connector-j-8.3.0.jar:8.3.0]
	at com.zaxxer.hikari.pool.ProxyStatement.execute(ProxyStatement.java:94) ~[HikariCP-5.1.0.jar:na]
	at com.zaxxer.hikari.pool.HikariProxyStatement.execute(HikariProxyStatement.java) ~[HikariCP-5.1.0.jar:na]
	at org.hibernate.tool.schema.internal.exec.GenerationTargetToDatabase.accept(GenerationTargetToDatabase.java:80) ~[hibernate-core-6.5.2.Final.jar:6.5.2.Final]
	... 42 common frames omitted

2024-07-29T09:10:48.865+08:00  WARN 17980 --- [taskmanager] [restartedMain] o.h.t.s.i.ExceptionHandlerLoggedImpl     : GenerationTarget encountered exception accepting command : Error executing DDL "alter table users modify column id bigint not null auto_increment" via JDBC [Referencing column 'user_id' and referenced column 'id' in foreign key constraint 'user_roles_ibfk_1' are incompatible.]

org.hibernate.tool.schema.spi.CommandAcceptanceException: Error executing DDL "alter table users modify column id bigint not null auto_increment" via JDBC [Referencing column 'user_id' and referenced column 'id' in foreign key constraint 'user_roles_ibfk_1' are incompatible.]
	at org.hibernate.tool.schema.internal.exec.GenerationTargetToDatabase.accept(GenerationTargetToDatabase.java:94) ~[hibernate-core-6.5.2.Final.jar:6.5.2.Final]
	at org.hibernate.tool.schema.internal.AbstractSchemaMigrator.applySqlString(AbstractSchemaMigrator.java:575) ~[hibernate-core-6.5.2.Final.jar:6.5.2.Final]
	at org.hibernate.tool.schema.internal.AbstractSchemaMigrator.applySqlStrings(AbstractSchemaMigrator.java:515) ~[hibernate-core-6.5.2.Final.jar:6.5.2.Final]
	at org.hibernate.tool.schema.internal.AbstractSchemaMigrator.migrateTable(AbstractSchemaMigrator.java:333) ~[hibernate-core-6.5.2.Final.jar:6.5.2.Final]
	at org.hibernate.tool.schema.internal.GroupedSchemaMigratorImpl.performTablesMigration(GroupedSchemaMigratorImpl.java:84) ~[hibernate-core-6.5.2.Final.jar:6.5.2.Final]
	at org.hibernate.tool.schema.internal.AbstractSchemaMigrator.performMigration(AbstractSchemaMigrator.java:232) ~[hibernate-core-6.5.2.Final.jar:6.5.2.Final]
	at org.hibernate.tool.schema.internal.AbstractSchemaMigrator.doMigration(AbstractSchemaMigrator.java:117) ~[hibernate-core-6.5.2.Final.jar:6.5.2.Final]
	at org.hibernate.tool.schema.spi.SchemaManagementToolCoordinator.performDatabaseAction(SchemaManagementToolCoordinator.java:280) ~[hibernate-core-6.5.2.Final.jar:6.5.2.Final]
	at org.hibernate.tool.schema.spi.SchemaManagementToolCoordinator.lambda$process$5(SchemaManagementToolCoordinator.java:144) ~[hibernate-core-6.5.2.Final.jar:6.5.2.Final]
	at java.base/java.util.HashMap.forEach(HashMap.java:1421) ~[na:na]
	at org.hibernate.tool.schema.spi.SchemaManagementToolCoordinator.process(SchemaManagementToolCoordinator.java:141) ~[hibernate-core-6.5.2.Final.jar:6.5.2.Final]
	at org.hibernate.boot.internal.SessionFactoryObserverForSchemaExport.sessionFactoryCreated(SessionFactoryObserverForSchemaExport.java:37) ~[hibernate-core-6.5.2.Final.jar:6.5.2.Final]
	at org.hibernate.internal.SessionFactoryObserverChain.sessionFactoryCreated(SessionFactoryObserverChain.java:35) ~[hibernate-core-6.5.2.Final.jar:6.5.2.Final]
	at org.hibernate.internal.SessionFactoryImpl.<init>(SessionFactoryImpl.java:322) ~[hibernate-core-6.5.2.Final.jar:6.5.2.Final]
	at org.hibernate.boot.internal.SessionFactoryBuilderImpl.build(SessionFactoryBuilderImpl.java:457) ~[hibernate-core-6.5.2.Final.jar:6.5.2.Final]
	at org.hibernate.jpa.boot.internal.EntityManagerFactoryBuilderImpl.build(EntityManagerFactoryBuilderImpl.java:1506) ~[hibernate-core-6.5.2.Final.jar:6.5.2.Final]
	at org.springframework.orm.jpa.vendor.SpringHibernateJpaPersistenceProvider.createContainerEntityManagerFactory(SpringHibernateJpaPersistenceProvider.java:75) ~[spring-orm-6.1.8.jar:6.1.8]
	at org.springframework.orm.jpa.LocalContainerEntityManagerFactoryBean.createNativeEntityManagerFactory(LocalContainerEntityManagerFactoryBean.java:390) ~[spring-orm-6.1.8.jar:6.1.8]
	at org.springframework.orm.jpa.AbstractEntityManagerFactoryBean.buildNativeEntityManagerFactory(AbstractEntityManagerFactoryBean.java:409) ~[spring-orm-6.1.8.jar:6.1.8]
	at org.springframework.orm.jpa.AbstractEntityManagerFactoryBean.afterPropertiesSet(AbstractEntityManagerFactoryBean.java:396) ~[spring-orm-6.1.8.jar:6.1.8]
	at org.springframework.orm.jpa.LocalContainerEntityManagerFactoryBean.afterPropertiesSet(LocalContainerEntityManagerFactoryBean.java:366) ~[spring-orm-6.1.8.jar:6.1.8]
	at org.springframework.beans.factory.support.AbstractAutowireCapableBeanFactory.invokeInitMethods(AbstractAutowireCapableBeanFactory.java:1835) ~[spring-beans-6.1.8.jar:6.1.8]
	at org.springframework.beans.factory.support.AbstractAutowireCapableBeanFactory.initializeBean(AbstractAutowireCapableBeanFactory.java:1784) ~[spring-beans-6.1.8.jar:6.1.8]
	at org.springframework.beans.factory.support.AbstractAutowireCapableBeanFactory.doCreateBean(AbstractAutowireCapableBeanFactory.java:600) ~[spring-beans-6.1.8.jar:6.1.8]
	at org.springframework.beans.factory.support.AbstractAutowireCapableBeanFactory.createBean(AbstractAutowireCapableBeanFactory.java:522) ~[spring-beans-6.1.8.jar:6.1.8]
	at org.springframework.beans.factory.support.AbstractBeanFactory.lambda$doGetBean$0(AbstractBeanFactory.java:337) ~[spring-beans-6.1.8.jar:6.1.8]
	at org.springframework.beans.factory.support.DefaultSingletonBeanRegistry.getSingleton(DefaultSingletonBeanRegistry.java:234) ~[spring-beans-6.1.8.jar:6.1.8]
	at org.springframework.beans.factory.support.AbstractBeanFactory.doGetBean(AbstractBeanFactory.java:335) ~[spring-beans-6.1.8.jar:6.1.8]
	at org.springframework.beans.factory.support.AbstractBeanFactory.getBean(AbstractBeanFactory.java:205) ~[spring-beans-6.1.8.jar:6.1.8]
	at org.springframework.context.support.AbstractApplicationContext.finishBeanFactoryInitialization(AbstractApplicationContext.java:952) ~[spring-context-6.1.8.jar:6.1.8]
	at org.springframework.context.support.AbstractApplicationContext.refresh(AbstractApplicationContext.java:624) ~[spring-context-6.1.8.jar:6.1.8]
	at org.springframework.boot.web.servlet.context.ServletWebServerApplicationContext.refresh(ServletWebServerApplicationContext.java:146) ~[spring-boot-3.3.0.jar:3.3.0]
	at org.springframework.boot.SpringApplication.refresh(SpringApplication.java:754) ~[spring-boot-3.3.0.jar:3.3.0]
	at org.springframework.boot.SpringApplication.refreshContext(SpringApplication.java:456) ~[spring-boot-3.3.0.jar:3.3.0]
	at org.springframework.boot.SpringApplication.run(SpringApplication.java:335) ~[spring-boot-3.3.0.jar:3.3.0]
	at org.springframework.boot.SpringApplication.run(SpringApplication.java:1363) ~[spring-boot-3.3.0.jar:3.3.0]
	at org.springframework.boot.SpringApplication.run(SpringApplication.java:1352) ~[spring-boot-3.3.0.jar:3.3.0]
	at com.khooch.taskmanager.TaskManagerApplication.main(TaskManagerApplication.java:10) ~[classes/:na]
	at java.base/jdk.internal.reflect.NativeMethodAccessorImpl.invoke0(Native Method) ~[na:na]
	at java.base/jdk.internal.reflect.NativeMethodAccessorImpl.invoke(NativeMethodAccessorImpl.java:77) ~[na:na]
	at java.base/jdk.internal.reflect.DelegatingMethodAccessorImpl.invoke(DelegatingMethodAccessorImpl.java:43) ~[na:na]
	at java.base/java.lang.reflect.Method.invoke(Method.java:568) ~[na:na]
	at org.springframework.boot.devtools.restart.RestartLauncher.run(RestartLauncher.java:50) ~[spring-boot-devtools-3.3.0.jar:3.3.0]
Caused by: java.sql.SQLException: Referencing column 'user_id' and referenced column 'id' in foreign key constraint 'user_roles_ibfk_1' are incompatible.
	at com.mysql.cj.jdbc.exceptions.SQLError.createSQLException(SQLError.java:130) ~[mysql-connector-j-8.3.0.jar:8.3.0]
	at com.mysql.cj.jdbc.exceptions.SQLExceptionsMapping.translateException(SQLExceptionsMapping.java:122) ~[mysql-connector-j-8.3.0.jar:8.3.0]
	at com.mysql.cj.jdbc.StatementImpl.executeInternal(StatementImpl.java:770) ~[mysql-connector-j-8.3.0.jar:8.3.0]
	at com.mysql.cj.jdbc.StatementImpl.execute(StatementImpl.java:653) ~[mysql-connector-j-8.3.0.jar:8.3.0]
	at com.zaxxer.hikari.pool.ProxyStatement.execute(ProxyStatement.java:94) ~[HikariCP-5.1.0.jar:na]
	at com.zaxxer.hikari.pool.HikariProxyStatement.execute(HikariProxyStatement.java) ~[HikariCP-5.1.0.jar:na]
	at org.hibernate.tool.schema.internal.exec.GenerationTargetToDatabase.accept(GenerationTargetToDatabase.java:80) ~[hibernate-core-6.5.2.Final.jar:6.5.2.Final]
	... 42 common frames omitted

2024-07-29T09:10:48.886+08:00  WARN 17980 --- [taskmanager] [restartedMain] o.h.t.s.i.ExceptionHandlerLoggedImpl     : GenerationTarget encountered exception accepting command : Error executing DDL "alter table task add constraint FKbhwpp8tr117vvbxhf5sbkdkc9 foreign key (user_id) references users (id)" via JDBC [Referencing column 'user_id' and referenced column 'id' in foreign key constraint 'FKbhwpp8tr117vvbxhf5sbkdkc9' are incompatible.]

org.hibernate.tool.schema.spi.CommandAcceptanceException: Error executing DDL "alter table task add constraint FKbhwpp8tr117vvbxhf5sbkdkc9 foreign key (user_id) references users (id)" via JDBC [Referencing column 'user_id' and referenced column 'id' in foreign key constraint 'FKbhwpp8tr117vvbxhf5sbkdkc9' are incompatible.]
	at org.hibernate.tool.schema.internal.exec.GenerationTargetToDatabase.accept(GenerationTargetToDatabase.java:94) ~[hibernate-core-6.5.2.Final.jar:6.5.2.Final]
	at org.hibernate.tool.schema.internal.AbstractSchemaMigrator.applySqlString(AbstractSchemaMigrator.java:575) ~[hibernate-core-6.5.2.Final.jar:6.5.2.Final]
	at org.hibernate.tool.schema.internal.AbstractSchemaMigrator.applySqlStrings(AbstractSchemaMigrator.java:515) ~[hibernate-core-6.5.2.Final.jar:6.5.2.Final]
	at org.hibernate.tool.schema.internal.AbstractSchemaMigrator.applyForeignKeys(AbstractSchemaMigrator.java:447) ~[hibernate-core-6.5.2.Final.jar:6.5.2.Final]
	at org.hibernate.tool.schema.internal.AbstractSchemaMigrator.performMigration(AbstractSchemaMigrator.java:268) ~[hibernate-core-6.5.2.Final.jar:6.5.2.Final]
	at org.hibernate.tool.schema.internal.AbstractSchemaMigrator.doMigration(AbstractSchemaMigrator.java:117) ~[hibernate-core-6.5.2.Final.jar:6.5.2.Final]
	at org.hibernate.tool.schema.spi.SchemaManagementToolCoordinator.performDatabaseAction(SchemaManagementToolCoordinator.java:280) ~[hibernate-core-6.5.2.Final.jar:6.5.2.Final]
	at org.hibernate.tool.schema.spi.SchemaManagementToolCoordinator.lambda$process$5(SchemaManagementToolCoordinator.java:144) ~[hibernate-core-6.5.2.Final.jar:6.5.2.Final]
	at java.base/java.util.HashMap.forEach(HashMap.java:1421) ~[na:na]
	at org.hibernate.tool.schema.spi.SchemaManagementToolCoordinator.process(SchemaManagementToolCoordinator.java:141) ~[hibernate-core-6.5.2.Final.jar:6.5.2.Final]
	at org.hibernate.boot.internal.SessionFactoryObserverForSchemaExport.sessionFactoryCreated(SessionFactoryObserverForSchemaExport.java:37) ~[hibernate-core-6.5.2.Final.jar:6.5.2.Final]
	at org.hibernate.internal.SessionFactoryObserverChain.sessionFactoryCreated(SessionFactoryObserverChain.java:35) ~[hibernate-core-6.5.2.Final.jar:6.5.2.Final]
	at org.hibernate.internal.SessionFactoryImpl.<init>(SessionFactoryImpl.java:322) ~[hibernate-core-6.5.2.Final.jar:6.5.2.Final]
	at org.hibernate.boot.internal.SessionFactoryBuilderImpl.build(SessionFactoryBuilderImpl.java:457) ~[hibernate-core-6.5.2.Final.jar:6.5.2.Final]
	at org.hibernate.jpa.boot.internal.EntityManagerFactoryBuilderImpl.build(EntityManagerFactoryBuilderImpl.java:1506) ~[hibernate-core-6.5.2.Final.jar:6.5.2.Final]
	at org.springframework.orm.jpa.vendor.SpringHibernateJpaPersistenceProvider.createContainerEntityManagerFactory(SpringHibernateJpaPersistenceProvider.java:75) ~[spring-orm-6.1.8.jar:6.1.8]
	at org.springframework.orm.jpa.LocalContainerEntityManagerFactoryBean.createNativeEntityManagerFactory(LocalContainerEntityManagerFactoryBean.java:390) ~[spring-orm-6.1.8.jar:6.1.8]
	at org.springframework.orm.jpa.AbstractEntityManagerFactoryBean.buildNativeEntityManagerFactory(AbstractEntityManagerFactoryBean.java:409) ~[spring-orm-6.1.8.jar:6.1.8]
	at org.springframework.orm.jpa.AbstractEntityManagerFactoryBean.afterPropertiesSet(AbstractEntityManagerFactoryBean.java:396) ~[spring-orm-6.1.8.jar:6.1.8]
	at org.springframework.orm.jpa.LocalContainerEntityManagerFactoryBean.afterPropertiesSet(LocalContainerEntityManagerFactoryBean.java:366) ~[spring-orm-6.1.8.jar:6.1.8]
	at org.springframework.beans.factory.support.AbstractAutowireCapableBeanFactory.invokeInitMethods(AbstractAutowireCapableBeanFactory.java:1835) ~[spring-beans-6.1.8.jar:6.1.8]
	at org.springframework.beans.factory.support.AbstractAutowireCapableBeanFactory.initializeBean(AbstractAutowireCapableBeanFactory.java:1784) ~[spring-beans-6.1.8.jar:6.1.8]
	at org.springframework.beans.factory.support.AbstractAutowireCapableBeanFactory.doCreateBean(AbstractAutowireCapableBeanFactory.java:600) ~[spring-beans-6.1.8.jar:6.1.8]
	at org.springframework.beans.factory.support.AbstractAutowireCapableBeanFactory.createBean(AbstractAutowireCapableBeanFactory.java:522) ~[spring-beans-6.1.8.jar:6.1.8]
	at org.springframework.beans.factory.support.AbstractBeanFactory.lambda$doGetBean$0(AbstractBeanFactory.java:337) ~[spring-beans-6.1.8.jar:6.1.8]
	at org.springframework.beans.factory.support.DefaultSingletonBeanRegistry.getSingleton(DefaultSingletonBeanRegistry.java:234) ~[spring-beans-6.1.8.jar:6.1.8]
	at org.springframework.beans.factory.support.AbstractBeanFactory.doGetBean(AbstractBeanFactory.java:335) ~[spring-beans-6.1.8.jar:6.1.8]
	at org.springframework.beans.factory.support.AbstractBeanFactory.getBean(AbstractBeanFactory.java:205) ~[spring-beans-6.1.8.jar:6.1.8]
	at org.springframework.context.support.AbstractApplicationContext.finishBeanFactoryInitialization(AbstractApplicationContext.java:952) ~[spring-context-6.1.8.jar:6.1.8]
	at org.springframework.context.support.AbstractApplicationContext.refresh(AbstractApplicationContext.java:624) ~[spring-context-6.1.8.jar:6.1.8]
	at org.springframework.boot.web.servlet.context.ServletWebServerApplicationContext.refresh(ServletWebServerApplicationContext.java:146) ~[spring-boot-3.3.0.jar:3.3.0]
	at org.springframework.boot.SpringApplication.refresh(SpringApplication.java:754) ~[spring-boot-3.3.0.jar:3.3.0]
	at org.springframework.boot.SpringApplication.refreshContext(SpringApplication.java:456) ~[spring-boot-3.3.0.jar:3.3.0]
	at org.springframework.boot.SpringApplication.run(SpringApplication.java:335) ~[spring-boot-3.3.0.jar:3.3.0]
	at org.springframework.boot.SpringApplication.run(SpringApplication.java:1363) ~[spring-boot-3.3.0.jar:3.3.0]
	at org.springframework.boot.SpringApplication.run(SpringApplication.java:1352) ~[spring-boot-3.3.0.jar:3.3.0]
	at com.khooch.taskmanager.TaskManagerApplication.main(TaskManagerApplication.java:10) ~[classes/:na]
	at java.base/jdk.internal.reflect.NativeMethodAccessorImpl.invoke0(Native Method) ~[na:na]
	at java.base/jdk.internal.reflect.NativeMethodAccessorImpl.invoke(NativeMethodAccessorImpl.java:77) ~[na:na]
	at java.base/jdk.internal.reflect.DelegatingMethodAccessorImpl.invoke(DelegatingMethodAccessorImpl.java:43) ~[na:na]
	at java.base/java.lang.reflect.Method.invoke(Method.java:568) ~[na:na]
	at org.springframework.boot.devtools.restart.RestartLauncher.run(RestartLauncher.java:50) ~[spring-boot-devtools-3.3.0.jar:3.3.0]
Caused by: java.sql.SQLException: Referencing column 'user_id' and referenced column 'id' in foreign key constraint 'FKbhwpp8tr117vvbxhf5sbkdkc9' are incompatible.
	at com.mysql.cj.jdbc.exceptions.SQLError.createSQLException(SQLError.java:130) ~[mysql-connector-j-8.3.0.jar:8.3.0]
	at com.mysql.cj.jdbc.exceptions.SQLExceptionsMapping.translateException(SQLExceptionsMapping.java:122) ~[mysql-connector-j-8.3.0.jar:8.3.0]
	at com.mysql.cj.jdbc.StatementImpl.executeInternal(StatementImpl.java:770) ~[mysql-connector-j-8.3.0.jar:8.3.0]
	at com.mysql.cj.jdbc.StatementImpl.execute(StatementImpl.java:653) ~[mysql-connector-j-8.3.0.jar:8.3.0]
	at com.zaxxer.hikari.pool.ProxyStatement.execute(ProxyStatement.java:94) ~[HikariCP-5.1.0.jar:na]
	at com.zaxxer.hikari.pool.HikariProxyStatement.execute(HikariProxyStatement.java) ~[HikariCP-5.1.0.jar:na]
	at org.hibernate.tool.schema.internal.exec.GenerationTargetToDatabase.accept(GenerationTargetToDatabase.java:80) ~[hibernate-core-6.5.2.Final.jar:6.5.2.Final]
	... 41 common frames omitted

2024-07-29T09:10:48.919+08:00  INFO 17980 --- [taskmanager] [restartedMain] j.LocalContainerEntityManagerFactoryBean : Initialized JPA EntityManagerFactory for persistence unit 'default'
2024-07-29T09:10:49.534+08:00  WARN 17980 --- [taskmanager] [restartedMain] JpaBaseConfiguration$JpaWebConfiguration : spring.jpa.open-in-view is enabled by default. Therefore, database queries may be performed during view rendering. Explicitly configure spring.jpa.open-in-view to disable this warning
2024-07-29T09:10:49.624+08:00  INFO 17980 --- [taskmanager] [restartedMain] r$InitializeUserDetailsManagerConfigurer : Global AuthenticationManager configured with UserDetailsService bean with name myUserDetailsService
2024-07-29T09:10:50.011+08:00 DEBUG 17980 --- [taskmanager] [restartedMain] s.w.s.m.m.a.RequestMappingHandlerMapping : 16 mappings in 'requestMappingHandlerMapping'
2024-07-29T09:10:50.203+08:00 DEBUG 17980 --- [taskmanager] [restartedMain] o.s.w.s.handler.SimpleUrlHandlerMapping  : Patterns [/webjars/**, /**] in 'resourceHandlerMapping'
2024-07-29T09:10:50.447+08:00  INFO 17980 --- [taskmanager] [restartedMain] o.s.b.a.e.web.EndpointLinksResolver      : Exposing 1 endpoint beneath base path '/actuator'
2024-07-29T09:10:50.544+08:00  INFO 17980 --- [taskmanager] [restartedMain] o.s.s.web.DefaultSecurityFilterChain     : Will secure any request with [org.springframework.security.web.session.DisableEncodeUrlFilter@11755131, org.springframework.security.web.context.request.async.WebAsyncManagerIntegrationFilter@588841b0, org.springframework.security.web.context.SecurityContextHolderFilter@2a4a38d9, org.springframework.security.web.header.HeaderWriterFilter@286c1fe2, org.springframework.web.filter.CorsFilter@5158ba44, org.springframework.security.web.authentication.logout.LogoutFilter@6b980921, org.springframework.security.web.authentication.UsernamePasswordAuthenticationFilter@25dab3a9, org.springframework.security.web.savedrequest.RequestCacheAwareFilter@6abf5e0f, org.springframework.security.web.servletapi.SecurityContextHolderAwareRequestFilter@1dbf419, org.springframework.security.web.authentication.AnonymousAuthenticationFilter@15832814, org.springframework.security.web.access.ExceptionTranslationFilter@440d9202, org.springframework.security.web.access.intercept.AuthorizationFilter@7c9bf19b]
2024-07-29T09:10:50.690+08:00 DEBUG 17980 --- [taskmanager] [restartedMain] s.w.s.m.m.a.RequestMappingHandlerAdapter : ControllerAdvice beans: 0 @ModelAttribute, 0 @InitBinder, 1 RequestBodyAdvice, 1 ResponseBodyAdvice
2024-07-29T09:10:50.745+08:00 DEBUG 17980 --- [taskmanager] [restartedMain] .m.m.a.ExceptionHandlerExceptionResolver : ControllerAdvice beans: 1 @ExceptionHandler, 1 ResponseBodyAdvice
2024-07-29T09:10:51.215+08:00  INFO 17980 --- [taskmanager] [restartedMain] o.s.b.d.a.OptionalLiveReloadServer       : LiveReload server is running on port 35729
2024-07-29T09:10:51.301+08:00  INFO 17980 --- [taskmanager] [restartedMain] o.s.b.w.embedded.tomcat.TomcatWebServer  : Tomcat started on port 8080 (http) with context path '/'
2024-07-29T09:10:51.321+08:00  INFO 17980 --- [taskmanager] [restartedMain] c.k.taskmanager.TaskManagerApplication   : Started TaskManagerApplication in 9.84 seconds (process running for 10.783)
2024-07-29T09:11:21.652+08:00  INFO 17980 --- [taskmanager] [http-nio-8080-exec-1] o.a.c.c.C.[Tomcat].[localhost].[/]       : Initializing Spring DispatcherServlet 'dispatcherServlet'
2024-07-29T09:11:21.652+08:00  INFO 17980 --- [taskmanager] [http-nio-8080-exec-1] o.s.web.servlet.DispatcherServlet        : Initializing Servlet 'dispatcherServlet'
2024-07-29T09:11:21.653+08:00 DEBUG 17980 --- [taskmanager] [http-nio-8080-exec-1] o.s.web.servlet.DispatcherServlet        : Detected StandardServletMultipartResolver
2024-07-29T09:11:21.653+08:00 DEBUG 17980 --- [taskmanager] [http-nio-8080-exec-1] o.s.web.servlet.DispatcherServlet        : Detected AcceptHeaderLocaleResolver
2024-07-29T09:11:21.653+08:00 DEBUG 17980 --- [taskmanager] [http-nio-8080-exec-1] o.s.web.servlet.DispatcherServlet        : Detected FixedThemeResolver
2024-07-29T09:11:21.654+08:00 DEBUG 17980 --- [taskmanager] [http-nio-8080-exec-1] o.s.web.servlet.DispatcherServlet        : Detected org.springframework.web.servlet.view.DefaultRequestToViewNameTranslator@51159e7a
2024-07-29T09:11:21.655+08:00 DEBUG 17980 --- [taskmanager] [http-nio-8080-exec-1] o.s.web.servlet.DispatcherServlet        : Detected org.springframework.web.servlet.support.SessionFlashMapManager@50450352
2024-07-29T09:11:21.657+08:00 DEBUG 17980 --- [taskmanager] [http-nio-8080-exec-1] o.s.web.servlet.DispatcherServlet        : enableLoggingRequestDetails='false': request parameters and headers will be masked to prevent unsafe logging of potentially sensitive data
2024-07-29T09:11:21.658+08:00  INFO 17980 --- [taskmanager] [http-nio-8080-exec-1] o.s.web.servlet.DispatcherServlet        : Completed initialization in 5 ms
2024-07-29T09:11:21.732+08:00 DEBUG 17980 --- [taskmanager] [http-nio-8080-exec-1] o.s.web.servlet.DispatcherServlet        : GET "/api/tasks", parameters={}
2024-07-29T09:11:21.736+08:00 DEBUG 17980 --- [taskmanager] [http-nio-8080-exec-1] s.w.s.m.m.a.RequestMappingHandlerMapping : Mapped to com.khooch.taskmanager.controller.TaskController#getAllTasks()
2024-07-29T09:11:21.925+08:00 DEBUG 17980 --- [taskmanager] [http-nio-8080-exec-1] o.s.w.s.m.m.a.HttpEntityMethodProcessor  : Using 'application/json', given [application/json, text/plain, */*] and supported [application/json, application/*+json]
2024-07-29T09:11:21.927+08:00 DEBUG 17980 --- [taskmanager] [http-nio-8080-exec-1] o.s.w.s.m.m.a.HttpEntityMethodProcessor  : Writing [[com.khooch.taskmanager.entity.Task@1c7c9fb4]]
2024-07-29T09:11:21.967+08:00 DEBUG 17980 --- [taskmanager] [http-nio-8080-exec-1] o.s.web.servlet.DispatcherServlet        : Completed 200 OK
2024-07-29T09:13:33.614+08:00 DEBUG 17980 --- [taskmanager] [http-nio-8080-exec-3] o.s.web.cors.DefaultCorsProcessor        : Reject: 'https://6803-2001-f40-905-afd-3c54-cb9d-25c6-45c2.ngrok-free.app' origin is not allowed
2024-07-29T09:13:33.619+08:00 DEBUG 17980 --- [taskmanager] [http-nio-8080-exec-4] o.s.web.cors.DefaultCorsProcessor        : Reject: 'https://6803-2001-f40-905-afd-3c54-cb9d-25c6-45c2.ngrok-free.app' origin is not allowed
2024-07-29T09:14:22.549+08:00 DEBUG 17980 --- [taskmanager] [http-nio-8080-exec-5] o.s.web.cors.DefaultCorsProcessor        : Reject: 'https://6803-2001-f40-905-afd-3c54-cb9d-25c6-45c2.ngrok-free.app' origin is not allowed
2024-07-29T09:14:22.553+08:00 DEBUG 17980 --- [taskmanager] [http-nio-8080-exec-6] o.s.web.cors.DefaultCorsProcessor        : Reject: 'https://6803-2001-f40-905-afd-3c54-cb9d-25c6-45c2.ngrok-free.app' origin is not allowed
2024-07-29T09:14:27.146+08:00 DEBUG 17980 --- [taskmanager] [http-nio-8080-exec-7] o.s.web.cors.DefaultCorsProcessor        : Reject: 'https://6803-2001-f40-905-afd-3c54-cb9d-25c6-45c2.ngrok-free.app' origin is not allowed
2024-07-29T09:14:27.149+08:00 DEBUG 17980 --- [taskmanager] [http-nio-8080-exec-8] o.s.web.cors.DefaultCorsProcessor        : Reject: 'https://6803-2001-f40-905-afd-3c54-cb9d-25c6-45c2.ngrok-free.app' origin is not allowed
2024-07-29T09:14:47.827+08:00 DEBUG 17980 --- [taskmanager] [http-nio-8080-exec-9] o.s.web.cors.DefaultCorsProcessor        : Reject: 'https://6803-2001-f40-905-afd-3c54-cb9d-25c6-45c2.ngrok-free.app' origin is not allowed
2024-07-29T09:14:47.831+08:00 DEBUG 17980 --- [taskmanager] [http-nio-8080-exec-10] o.s.web.cors.DefaultCorsProcessor        : Reject: 'https://6803-2001-f40-905-afd-3c54-cb9d-25c6-45c2.ngrok-free.app' origin is not allowed
2024-07-29T09:14:55.684+08:00 DEBUG 17980 --- [taskmanager] [http-nio-8080-exec-1] o.s.web.cors.DefaultCorsProcessor        : Reject: 'https://6803-2001-f40-905-afd-3c54-cb9d-25c6-45c2.ngrok-free.app' origin is not allowed
2024-07-29T09:14:55.687+08:00 DEBUG 17980 --- [taskmanager] [http-nio-8080-exec-2] o.s.web.cors.DefaultCorsProcessor        : Reject: 'https://6803-2001-f40-905-afd-3c54-cb9d-25c6-45c2.ngrok-free.app' origin is not allowed
2024-07-29T09:16:30.479+08:00 DEBUG 17980 --- [taskmanager] [http-nio-8080-exec-4] o.s.web.cors.DefaultCorsProcessor        : Reject: 'https://6803-2001-f40-905-afd-3c54-cb9d-25c6-45c2.ngrok-free.app' origin is not allowed
2024-07-29T09:16:30.483+08:00 DEBUG 17980 --- [taskmanager] [http-nio-8080-exec-5] o.s.web.cors.DefaultCorsProcessor        : Reject: 'https://6803-2001-f40-905-afd-3c54-cb9d-25c6-45c2.ngrok-free.app' origin is not allowed
2024-07-29T09:16:40.135+08:00 DEBUG 17980 --- [taskmanager] [http-nio-8080-exec-6] o.s.web.cors.DefaultCorsProcessor        : Reject: 'https://6803-2001-f40-905-afd-3c54-cb9d-25c6-45c2.ngrok-free.app' origin is not allowed
2024-07-29T09:16:40.139+08:00 DEBUG 17980 --- [taskmanager] [http-nio-8080-exec-7] o.s.web.cors.DefaultCorsProcessor        : Reject: 'https://6803-2001-f40-905-afd-3c54-cb9d-25c6-45c2.ngrok-free.app' origin is not allowed
2024-07-29T09:16:47.945+08:00 DEBUG 17980 --- [taskmanager] [http-nio-8080-exec-8] o.s.web.cors.DefaultCorsProcessor        : Reject: 'https://6803-2001-f40-905-afd-3c54-cb9d-25c6-45c2.ngrok-free.app' origin is not allowed
2024-07-29T09:16:47.947+08:00 DEBUG 17980 --- [taskmanager] [http-nio-8080-exec-9] o.s.web.cors.DefaultCorsProcessor        : Reject: 'https://6803-2001-f40-905-afd-3c54-cb9d-25c6-45c2.ngrok-free.app' origin is not allowed
2024-07-29T09:20:46.543+08:00 DEBUG 17980 --- [taskmanager] [http-nio-8080-exec-1] o.s.web.cors.DefaultCorsProcessor        : Reject: 'https://6803-2001-f40-905-afd-3c54-cb9d-25c6-45c2.ngrok-free.app' origin is not allowed
2024-07-29T09:20:46.547+08:00 DEBUG 17980 --- [taskmanager] [http-nio-8080-exec-2] o.s.web.cors.DefaultCorsProcessor        : Reject: 'https://6803-2001-f40-905-afd-3c54-cb9d-25c6-45c2.ngrok-free.app' origin is not allowed
2024-07-29T09:22:09.553+08:00 DEBUG 17980 --- [taskmanager] [http-nio-8080-exec-4] o.s.web.cors.DefaultCorsProcessor        : Reject: 'https://6803-2001-f40-905-afd-3c54-cb9d-25c6-45c2.ngrok-free.app' origin is not allowed
2024-07-29T09:22:09.556+08:00 DEBUG 17980 --- [taskmanager] [http-nio-8080-exec-5] o.s.web.cors.DefaultCorsProcessor        : Reject: 'https://6803-2001-f40-905-afd-3c54-cb9d-25c6-45c2.ngrok-free.app' origin is not allowed
2024-07-29T09:23:53.761+08:00 DEBUG 17980 --- [taskmanager] [http-nio-8080-exec-7] o.s.web.cors.DefaultCorsProcessor        : Reject: 'https://6803-2001-f40-905-afd-3c54-cb9d-25c6-45c2.ngrok-free.app' origin is not allowed
2024-07-29T09:23:53.764+08:00 DEBUG 17980 --- [taskmanager] [http-nio-8080-exec-8] o.s.web.cors.DefaultCorsProcessor        : Reject: 'https://6803-2001-f40-905-afd-3c54-cb9d-25c6-45c2.ngrok-free.app' origin is not allowed
2024-07-29T09:24:03.435+08:00 DEBUG 17980 --- [taskmanager] [http-nio-8080-exec-9] o.s.web.cors.DefaultCorsProcessor        : Reject: 'https://6803-2001-f40-905-afd-3c54-cb9d-25c6-45c2.ngrok-free.app' origin is not allowed
2024-07-29T09:24:03.439+08:00 DEBUG 17980 --- [taskmanager] [http-nio-8080-exec-10] o.s.web.cors.DefaultCorsProcessor        : Reject: 'https://6803-2001-f40-905-afd-3c54-cb9d-25c6-45c2.ngrok-free.app' origin is not allowed
2024-07-29T09:24:09.057+08:00 DEBUG 17980 --- [taskmanager] [http-nio-8080-exec-1] o.s.web.cors.DefaultCorsProcessor        : Reject: 'https://6803-2001-f40-905-afd-3c54-cb9d-25c6-45c2.ngrok-free.app' origin is not allowed
2024-07-29T09:24:09.060+08:00 DEBUG 17980 --- [taskmanager] [http-nio-8080-exec-2] o.s.web.cors.DefaultCorsProcessor        : Reject: 'https://6803-2001-f40-905-afd-3c54-cb9d-25c6-45c2.ngrok-free.app' origin is not allowed
2024-07-29T09:25:47.188+08:00 DEBUG 17980 --- [taskmanager] [http-nio-8080-exec-4] o.s.web.cors.DefaultCorsProcessor        : Reject: 'https://6803-2001-f40-905-afd-3c54-cb9d-25c6-45c2.ngrok-free.app' origin is not allowed
2024-07-29T09:25:47.192+08:00 DEBUG 17980 --- [taskmanager] [http-nio-8080-exec-5] o.s.web.cors.DefaultCorsProcessor        : Reject: 'https://6803-2001-f40-905-afd-3c54-cb9d-25c6-45c2.ngrok-free.app' origin is not allowed
2024-07-29T09:26:02.831+08:00 DEBUG 17980 --- [taskmanager] [http-nio-8080-exec-6] o.s.web.cors.DefaultCorsProcessor        : Reject: 'https://6803-2001-f40-905-afd-3c54-cb9d-25c6-45c2.ngrok-free.app' origin is not allowed
2024-07-29T09:26:02.834+08:00 DEBUG 17980 --- [taskmanager] [http-nio-8080-exec-7] o.s.web.cors.DefaultCorsProcessor        : Reject: 'https://6803-2001-f40-905-afd-3c54-cb9d-25c6-45c2.ngrok-free.app' origin is not allowed
2024-07-29T09:27:25.691+08:00 DEBUG 17980 --- [taskmanager] [http-nio-8080-exec-9] o.s.web.cors.DefaultCorsProcessor        : Reject: 'https://6803-2001-f40-905-afd-3c54-cb9d-25c6-45c2.ngrok-free.app' origin is not allowed
2024-07-29T09:27:25.694+08:00 DEBUG 17980 --- [taskmanager] [http-nio-8080-exec-10] o.s.web.cors.DefaultCorsProcessor        : Reject: 'https://6803-2001-f40-905-afd-3c54-cb9d-25c6-45c2.ngrok-free.app' origin is not allowed
2024-07-29T09:27:27.262+08:00 DEBUG 17980 --- [taskmanager] [http-nio-8080-exec-1] o.s.web.cors.DefaultCorsProcessor        : Reject: 'https://6803-2001-f40-905-afd-3c54-cb9d-25c6-45c2.ngrok-free.app' origin is not allowed
2024-07-29T09:27:27.264+08:00 DEBUG 17980 --- [taskmanager] [http-nio-8080-exec-2] o.s.web.cors.DefaultCorsProcessor        : Reject: 'https://6803-2001-f40-905-afd-3c54-cb9d-25c6-45c2.ngrok-free.app' origin is not allowed
2024-07-29T09:27:30.473+08:00 DEBUG 17980 --- [taskmanager] [http-nio-8080-exec-3] o.s.web.cors.DefaultCorsProcessor        : Reject: 'https://6803-2001-f40-905-afd-3c54-cb9d-25c6-45c2.ngrok-free.app' origin is not allowed
2024-07-29T09:27:30.476+08:00 DEBUG 17980 --- [taskmanager] [http-nio-8080-exec-4] o.s.web.cors.DefaultCorsProcessor        : Reject: 'https://6803-2001-f40-905-afd-3c54-cb9d-25c6-45c2.ngrok-free.app' origin is not allowed
2024-07-29T09:27:33.116+08:00 DEBUG 17980 --- [taskmanager] [http-nio-8080-exec-5] o.s.web.cors.DefaultCorsProcessor        : Reject: 'https://6803-2001-f40-905-afd-3c54-cb9d-25c6-45c2.ngrok-free.app' origin is not allowed
2024-07-29T09:27:33.119+08:00 DEBUG 17980 --- [taskmanager] [http-nio-8080-exec-6] o.s.web.cors.DefaultCorsProcessor        : Reject: 'https://6803-2001-f40-905-afd-3c54-cb9d-25c6-45c2.ngrok-free.app' origin is not allowed
2024-07-29T09:28:06.400+08:00 DEBUG 17980 --- [taskmanager] [http-nio-8080-exec-7] o.s.web.cors.DefaultCorsProcessor        : Reject: 'https://6803-2001-f40-905-afd-3c54-cb9d-25c6-45c2.ngrok-free.app' origin is not allowed
2024-07-29T09:28:06.403+08:00 DEBUG 17980 --- [taskmanager] [http-nio-8080-exec-8] o.s.web.cors.DefaultCorsProcessor        : Reject: 'https://6803-2001-f40-905-afd-3c54-cb9d-25c6-45c2.ngrok-free.app' origin is not allowed
2024-07-29T09:36:05.269+08:00 DEBUG 17980 --- [taskmanager] [http-nio-8080-exec-10] o.s.web.cors.DefaultCorsProcessor        : Reject: 'https://6803-2001-f40-905-afd-3c54-cb9d-25c6-45c2.ngrok-free.app' origin is not allowed
2024-07-29T09:36:05.272+08:00 DEBUG 17980 --- [taskmanager] [http-nio-8080-exec-1] o.s.web.cors.DefaultCorsProcessor        : Reject: 'https://6803-2001-f40-905-afd-3c54-cb9d-25c6-45c2.ngrok-free.app' origin is not allowed
2024-07-29T09:36:19.643+08:00 DEBUG 17980 --- [taskmanager] [http-nio-8080-exec-2] o.s.web.cors.DefaultCorsProcessor        : Reject: 'https://6803-2001-f40-905-afd-3c54-cb9d-25c6-45c2.ngrok-free.app' origin is not allowed
2024-07-29T09:36:19.646+08:00 DEBUG 17980 --- [taskmanager] [http-nio-8080-exec-3] o.s.web.cors.DefaultCorsProcessor        : Reject: 'https://6803-2001-f40-905-afd-3c54-cb9d-25c6-45c2.ngrok-free.app' origin is not allowed
2024-07-29T09:36:50.334+08:00 DEBUG 17980 --- [taskmanager] [http-nio-8080-exec-4] o.s.web.cors.DefaultCorsProcessor        : Reject: 'https://6803-2001-f40-905-afd-3c54-cb9d-25c6-45c2.ngrok-free.app' origin is not allowed
2024-07-29T09:36:50.339+08:00 DEBUG 17980 --- [taskmanager] [http-nio-8080-exec-5] o.s.web.cors.DefaultCorsProcessor        : Reject: 'https://6803-2001-f40-905-afd-3c54-cb9d-25c6-45c2.ngrok-free.app' origin is not allowed
2024-07-29T09:43:49.160+08:00 DEBUG 17980 --- [taskmanager] [http-nio-8080-exec-7] o.s.web.cors.DefaultCorsProcessor        : Reject: 'https://6803-2001-f40-905-afd-3c54-cb9d-25c6-45c2.ngrok-free.app' origin is not allowed
2024-07-29T09:43:49.164+08:00 DEBUG 17980 --- [taskmanager] [http-nio-8080-exec-8] o.s.web.cors.DefaultCorsProcessor        : Reject: 'https://6803-2001-f40-905-afd-3c54-cb9d-25c6-45c2.ngrok-free.app' origin is not allowed
2024-07-29T09:44:10.528+08:00 DEBUG 17980 --- [taskmanager] [http-nio-8080-exec-9] o.s.web.cors.DefaultCorsProcessor        : Reject: 'https://6803-2001-f40-905-afd-3c54-cb9d-25c6-45c2.ngrok-free.app' origin is not allowed
2024-07-29T09:44:10.532+08:00 DEBUG 17980 --- [taskmanager] [http-nio-8080-exec-10] o.s.web.cors.DefaultCorsProcessor        : Reject: 'https://6803-2001-f40-905-afd-3c54-cb9d-25c6-45c2.ngrok-free.app' origin is not allowed
2024-07-29T09:45:06.061+08:00 DEBUG 17980 --- [taskmanager] [http-nio-8080-exec-1] o.s.web.cors.DefaultCorsProcessor        : Reject: 'https://6803-2001-f40-905-afd-3c54-cb9d-25c6-45c2.ngrok-free.app' origin is not allowed
2024-07-29T09:45:06.064+08:00 DEBUG 17980 --- [taskmanager] [http-nio-8080-exec-2] o.s.web.cors.DefaultCorsProcessor        : Reject: 'https://6803-2001-f40-905-afd-3c54-cb9d-25c6-45c2.ngrok-free.app' origin is not allowed
2024-07-29T09:45:07.420+08:00 DEBUG 17980 --- [taskmanager] [http-nio-8080-exec-3] o.s.web.cors.DefaultCorsProcessor        : Reject: 'https://6803-2001-f40-905-afd-3c54-cb9d-25c6-45c2.ngrok-free.app' origin is not allowed
2024-07-29T09:45:07.423+08:00 DEBUG 17980 --- [taskmanager] [http-nio-8080-exec-4] o.s.web.cors.DefaultCorsProcessor        : Reject: 'https://6803-2001-f40-905-afd-3c54-cb9d-25c6-45c2.ngrok-free.app' origin is not allowed
2024-07-29T09:46:13.115+08:00 DEBUG 17980 --- [taskmanager] [http-nio-8080-exec-6] o.s.web.servlet.DispatcherServlet        : GET "/api/tasks", parameters={}
2024-07-29T09:46:13.116+08:00 DEBUG 17980 --- [taskmanager] [http-nio-8080-exec-6] s.w.s.m.m.a.RequestMappingHandlerMapping : Mapped to com.khooch.taskmanager.controller.TaskController#getAllTasks()
2024-07-29T09:46:13.122+08:00 DEBUG 17980 --- [taskmanager] [http-nio-8080-exec-6] o.s.w.s.m.m.a.HttpEntityMethodProcessor  : Using 'application/json', given [application/json, text/plain, */*] and supported [application/json, application/*+json]
2024-07-29T09:46:13.123+08:00 DEBUG 17980 --- [taskmanager] [http-nio-8080-exec-6] o.s.w.s.m.m.a.HttpEntityMethodProcessor  : Writing [[com.khooch.taskmanager.entity.Task@1fd66afa]]
2024-07-29T09:46:13.124+08:00 DEBUG 17980 --- [taskmanager] [http-nio-8080-exec-6] o.s.web.servlet.DispatcherServlet        : Completed 200 OK
2024-07-29T09:48:23.844+08:00 DEBUG 17980 --- [taskmanager] [http-nio-8080-exec-8] o.s.web.servlet.DispatcherServlet        : GET "/api/tasks", parameters={}
2024-07-29T09:48:23.845+08:00 DEBUG 17980 --- [taskmanager] [http-nio-8080-exec-8] s.w.s.m.m.a.RequestMappingHandlerMapping : Mapped to com.khooch.taskmanager.controller.TaskController#getAllTasks()
2024-07-29T09:48:23.849+08:00 DEBUG 17980 --- [taskmanager] [http-nio-8080-exec-8] o.s.w.s.m.m.a.HttpEntityMethodProcessor  : Using 'application/json', given [application/json, text/plain, */*] and supported [application/json, application/*+json]
2024-07-29T09:48:23.850+08:00 DEBUG 17980 --- [taskmanager] [http-nio-8080-exec-8] o.s.w.s.m.m.a.HttpEntityMethodProcessor  : Writing [[com.khooch.taskmanager.entity.Task@5e146d92]]
2024-07-29T09:48:23.851+08:00 DEBUG 17980 --- [taskmanager] [http-nio-8080-exec-8] o.s.web.servlet.DispatcherServlet        : Completed 200 OK
2024-07-29T09:50:42.765+08:00 DEBUG 17980 --- [taskmanager] [http-nio-8080-exec-10] o.s.web.servlet.DispatcherServlet        : GET "/api/tasks", parameters={}
2024-07-29T09:50:42.766+08:00 DEBUG 17980 --- [taskmanager] [http-nio-8080-exec-10] s.w.s.m.m.a.RequestMappingHandlerMapping : Mapped to com.khooch.taskmanager.controller.TaskController#getAllTasks()
2024-07-29T09:50:42.771+08:00 DEBUG 17980 --- [taskmanager] [http-nio-8080-exec-10] o.s.w.s.m.m.a.HttpEntityMethodProcessor  : Using 'application/json', given [application/json, text/plain, */*] and supported [application/json, application/*+json]
2024-07-29T09:50:42.771+08:00 DEBUG 17980 --- [taskmanager] [http-nio-8080-exec-10] o.s.w.s.m.m.a.HttpEntityMethodProcessor  : Writing [[com.khooch.taskmanager.entity.Task@6cc6f82d]]
2024-07-29T09:50:42.772+08:00 DEBUG 17980 --- [taskmanager] [http-nio-8080-exec-10] o.s.web.servlet.DispatcherServlet        : Completed 200 OK
2024-07-29T09:50:45.047+08:00 DEBUG 17980 --- [taskmanager] [http-nio-8080-exec-1] o.s.web.cors.DefaultCorsProcessor        : Reject: 'https://6803-2001-f40-905-afd-3c54-cb9d-25c6-45c2.ngrok-free.app' origin is not allowed
2024-07-29T09:50:45.050+08:00 DEBUG 17980 --- [taskmanager] [http-nio-8080-exec-2] o.s.web.cors.DefaultCorsProcessor        : Reject: 'https://6803-2001-f40-905-afd-3c54-cb9d-25c6-45c2.ngrok-free.app' origin is not allowed
2024-07-29T09:50:52.618+08:00 DEBUG 17980 --- [taskmanager] [http-nio-8080-exec-3] o.s.web.cors.DefaultCorsProcessor        : Reject: 'https://6803-2001-f40-905-afd-3c54-cb9d-25c6-45c2.ngrok-free.app' origin is not allowed
2024-07-29T09:50:52.621+08:00 DEBUG 17980 --- [taskmanager] [http-nio-8080-exec-4] o.s.web.cors.DefaultCorsProcessor        : Reject: 'https://6803-2001-f40-905-afd-3c54-cb9d-25c6-45c2.ngrok-free.app' origin is not allowed
2024-07-29T09:50:54.483+08:00 DEBUG 17980 --- [taskmanager] [http-nio-8080-exec-5] o.s.web.cors.DefaultCorsProcessor        : Reject: 'https://6803-2001-f40-905-afd-3c54-cb9d-25c6-45c2.ngrok-free.app' origin is not allowed
2024-07-29T09:50:54.486+08:00 DEBUG 17980 --- [taskmanager] [http-nio-8080-exec-6] o.s.web.cors.DefaultCorsProcessor        : Reject: 'https://6803-2001-f40-905-afd-3c54-cb9d-25c6-45c2.ngrok-free.app' origin is not allowed
2024-07-29T09:51:02.562+08:00 DEBUG 17980 --- [taskmanager] [http-nio-8080-exec-7] o.s.web.cors.DefaultCorsProcessor        : Reject: 'https://6803-2001-f40-905-afd-3c54-cb9d-25c6-45c2.ngrok-free.app' origin is not allowed
2024-07-29T09:51:02.565+08:00 DEBUG 17980 --- [taskmanager] [http-nio-8080-exec-8] o.s.web.cors.DefaultCorsProcessor        : Reject: 'https://6803-2001-f40-905-afd-3c54-cb9d-25c6-45c2.ngrok-free.app' origin is not allowed
2024-07-29T09:51:23.127+08:00 DEBUG 17980 --- [taskmanager] [http-nio-8080-exec-9] o.s.web.cors.DefaultCorsProcessor        : Reject: 'https://6803-2001-f40-905-afd-3c54-cb9d-25c6-45c2.ngrok-free.app' origin is not allowed
2024-07-29T09:51:23.130+08:00 DEBUG 17980 --- [taskmanager] [http-nio-8080-exec-10] o.s.web.cors.DefaultCorsProcessor        : Reject: 'https://6803-2001-f40-905-afd-3c54-cb9d-25c6-45c2.ngrok-free.app' origin is not allowed
2024-07-29T09:51:35.006+08:00 DEBUG 17980 --- [taskmanager] [http-nio-8080-exec-1] o.s.web.cors.DefaultCorsProcessor        : Reject: 'https://6803-2001-f40-905-afd-3c54-cb9d-25c6-45c2.ngrok-free.app' origin is not allowed
2024-07-29T09:51:35.009+08:00 DEBUG 17980 --- [taskmanager] [http-nio-8080-exec-2] o.s.web.cors.DefaultCorsProcessor        : Reject: 'https://6803-2001-f40-905-afd-3c54-cb9d-25c6-45c2.ngrok-free.app' origin is not allowed
2024-07-29T09:51:38.987+08:00 DEBUG 17980 --- [taskmanager] [http-nio-8080-exec-3] o.s.web.cors.DefaultCorsProcessor        : Reject: 'https://6803-2001-f40-905-afd-3c54-cb9d-25c6-45c2.ngrok-free.app' origin is not allowed
2024-07-29T09:51:38.991+08:00 DEBUG 17980 --- [taskmanager] [http-nio-8080-exec-4] o.s.web.cors.DefaultCorsProcessor        : Reject: 'https://6803-2001-f40-905-afd-3c54-cb9d-25c6-45c2.ngrok-free.app' origin is not allowed
2024-07-29T09:51:59.066+08:00 DEBUG 17980 --- [taskmanager] [http-nio-8080-exec-6] o.s.web.cors.DefaultCorsProcessor        : Reject: 'https://6803-2001-f40-905-afd-3c54-cb9d-25c6-45c2.ngrok-free.app' origin is not allowed
2024-07-29T09:51:59.071+08:00 DEBUG 17980 --- [taskmanager] [http-nio-8080-exec-7] o.s.web.cors.DefaultCorsProcessor        : Reject: 'https://6803-2001-f40-905-afd-3c54-cb9d-25c6-45c2.ngrok-free.app' origin is not allowed
2024-07-29T09:52:04.252+08:00 DEBUG 17980 --- [taskmanager] [http-nio-8080-exec-8] o.s.web.cors.DefaultCorsProcessor        : Reject: 'https://6803-2001-f40-905-afd-3c54-cb9d-25c6-45c2.ngrok-free.app' origin is not allowed
2024-07-29T09:52:04.255+08:00 DEBUG 17980 --- [taskmanager] [http-nio-8080-exec-9] o.s.web.cors.DefaultCorsProcessor        : Reject: 'https://6803-2001-f40-905-afd-3c54-cb9d-25c6-45c2.ngrok-free.app' origin is not allowed
2024-07-29T09:52:41.005+08:00 DEBUG 17980 --- [taskmanager] [http-nio-8080-exec-10] o.s.web.cors.DefaultCorsProcessor        : Reject: 'https://6803-2001-f40-905-afd-3c54-cb9d-25c6-45c2.ngrok-free.app' origin is not allowed
2024-07-29T09:52:41.009+08:00 DEBUG 17980 --- [taskmanager] [http-nio-8080-exec-1] o.s.web.cors.DefaultCorsProcessor        : Reject: 'https://6803-2001-f40-905-afd-3c54-cb9d-25c6-45c2.ngrok-free.app' origin is not allowed
2024-07-29T09:52:45.384+08:00 DEBUG 17980 --- [taskmanager] [http-nio-8080-exec-2] o.s.web.cors.DefaultCorsProcessor        : Reject: 'https://6803-2001-f40-905-afd-3c54-cb9d-25c6-45c2.ngrok-free.app' origin is not allowed
2024-07-29T09:52:45.387+08:00 DEBUG 17980 --- [taskmanager] [http-nio-8080-exec-3] o.s.web.cors.DefaultCorsProcessor        : Reject: 'https://6803-2001-f40-905-afd-3c54-cb9d-25c6-45c2.ngrok-free.app' origin is not allowed
2024-07-29T09:52:53.783+08:00 DEBUG 17980 --- [taskmanager] [http-nio-8080-exec-4] o.s.web.cors.DefaultCorsProcessor        : Reject: 'https://6803-2001-f40-905-afd-3c54-cb9d-25c6-45c2.ngrok-free.app' origin is not allowed
2024-07-29T09:52:53.786+08:00 DEBUG 17980 --- [taskmanager] [http-nio-8080-exec-5] o.s.web.cors.DefaultCorsProcessor        : Reject: 'https://6803-2001-f40-905-afd-3c54-cb9d-25c6-45c2.ngrok-free.app' origin is not allowed
2024-07-29T09:52:59.608+08:00 DEBUG 17980 --- [taskmanager] [http-nio-8080-exec-6] o.s.web.cors.DefaultCorsProcessor        : Reject: 'https://6803-2001-f40-905-afd-3c54-cb9d-25c6-45c2.ngrok-free.app' origin is not allowed
2024-07-29T09:52:59.611+08:00 DEBUG 17980 --- [taskmanager] [http-nio-8080-exec-7] o.s.web.cors.DefaultCorsProcessor        : Reject: 'https://6803-2001-f40-905-afd-3c54-cb9d-25c6-45c2.ngrok-free.app' origin is not allowed
2024-07-29T09:53:18.953+08:00 DEBUG 17980 --- [taskmanager] [http-nio-8080-exec-8] o.s.web.cors.DefaultCorsProcessor        : Reject: 'https://6803-2001-f40-905-afd-3c54-cb9d-25c6-45c2.ngrok-free.app' origin is not allowed
2024-07-29T09:53:18.956+08:00 DEBUG 17980 --- [taskmanager] [http-nio-8080-exec-9] o.s.web.cors.DefaultCorsProcessor        : Reject: 'https://6803-2001-f40-905-afd-3c54-cb9d-25c6-45c2.ngrok-free.app' origin is not allowed
2024-07-29T09:56:32.829+08:00 DEBUG 17980 --- [taskmanager] [http-nio-8080-exec-1] o.s.web.cors.DefaultCorsProcessor        : Reject: 'https://6803-2001-f40-905-afd-3c54-cb9d-25c6-45c2.ngrok-free.app' origin is not allowed
2024-07-29T09:56:32.833+08:00 DEBUG 17980 --- [taskmanager] [http-nio-8080-exec-2] o.s.web.cors.DefaultCorsProcessor        : Reject: 'https://6803-2001-f40-905-afd-3c54-cb9d-25c6-45c2.ngrok-free.app' origin is not allowed
2024-07-29T09:56:39.479+08:00 DEBUG 17980 --- [taskmanager] [http-nio-8080-exec-3] o.s.web.cors.DefaultCorsProcessor        : Reject: 'https://6803-2001-f40-905-afd-3c54-cb9d-25c6-45c2.ngrok-free.app' origin is not allowed
2024-07-29T09:56:39.481+08:00 DEBUG 17980 --- [taskmanager] [http-nio-8080-exec-4] o.s.web.cors.DefaultCorsProcessor        : Reject: 'https://6803-2001-f40-905-afd-3c54-cb9d-25c6-45c2.ngrok-free.app' origin is not allowed
2024-07-29T09:56:41.744+08:00 DEBUG 17980 --- [taskmanager] [http-nio-8080-exec-5] o.s.web.cors.DefaultCorsProcessor        : Reject: 'https://6803-2001-f40-905-afd-3c54-cb9d-25c6-45c2.ngrok-free.app' origin is not allowed
2024-07-29T09:56:41.747+08:00 DEBUG 17980 --- [taskmanager] [http-nio-8080-exec-6] o.s.web.cors.DefaultCorsProcessor        : Reject: 'https://6803-2001-f40-905-afd-3c54-cb9d-25c6-45c2.ngrok-free.app' origin is not allowed
2024-07-29T09:57:52.853+08:00 DEBUG 17980 --- [taskmanager] [http-nio-8080-exec-8] o.s.web.cors.DefaultCorsProcessor        : Reject: 'https://6803-2001-f40-905-afd-3c54-cb9d-25c6-45c2.ngrok-free.app' origin is not allowed
2024-07-29T09:57:52.856+08:00 DEBUG 17980 --- [taskmanager] [http-nio-8080-exec-9] o.s.web.cors.DefaultCorsProcessor        : Reject: 'https://6803-2001-f40-905-afd-3c54-cb9d-25c6-45c2.ngrok-free.app' origin is not allowed
2024-07-29T09:58:29.671+08:00 DEBUG 17980 --- [taskmanager] [http-nio-8080-exec-10] o.s.web.cors.DefaultCorsProcessor        : Reject: 'https://6803-2001-f40-905-afd-3c54-cb9d-25c6-45c2.ngrok-free.app' origin is not allowed
2024-07-29T09:58:29.674+08:00 DEBUG 17980 --- [taskmanager] [http-nio-8080-exec-1] o.s.web.cors.DefaultCorsProcessor        : Reject: 'https://6803-2001-f40-905-afd-3c54-cb9d-25c6-45c2.ngrok-free.app' origin is not allowed
2024-07-29T10:01:39.874+08:00 DEBUG 17980 --- [taskmanager] [http-nio-8080-exec-3] o.s.web.cors.DefaultCorsProcessor        : Reject: 'https://6803-2001-f40-905-afd-3c54-cb9d-25c6-45c2.ngrok-free.app' origin is not allowed
2024-07-29T10:01:39.877+08:00 DEBUG 17980 --- [taskmanager] [http-nio-8080-exec-4] o.s.web.cors.DefaultCorsProcessor        : Reject: 'https://6803-2001-f40-905-afd-3c54-cb9d-25c6-45c2.ngrok-free.app' origin is not allowed
2024-07-29T10:03:53.710+08:00 DEBUG 17980 --- [taskmanager] [http-nio-8080-exec-6] o.s.web.cors.DefaultCorsProcessor        : Reject: 'https://6803-2001-f40-905-afd-3c54-cb9d-25c6-45c2.ngrok-free.app' origin is not allowed
2024-07-29T10:03:53.713+08:00 DEBUG 17980 --- [taskmanager] [http-nio-8080-exec-7] o.s.web.cors.DefaultCorsProcessor        : Reject: 'https://6803-2001-f40-905-afd-3c54-cb9d-25c6-45c2.ngrok-free.app' origin is not allowed
2024-07-29T10:04:11.165+08:00 DEBUG 17980 --- [taskmanager] [http-nio-8080-exec-8] o.s.web.cors.DefaultCorsProcessor        : Reject: 'https://6803-2001-f40-905-afd-3c54-cb9d-25c6-45c2.ngrok-free.app' origin is not allowed
2024-07-29T10:04:11.170+08:00 DEBUG 17980 --- [taskmanager] [http-nio-8080-exec-9] o.s.web.cors.DefaultCorsProcessor        : Reject: 'https://6803-2001-f40-905-afd-3c54-cb9d-25c6-45c2.ngrok-free.app' origin is not allowed
2024-07-29T10:06:40.511+08:00 DEBUG 17980 --- [taskmanager] [http-nio-8080-exec-1] o.s.web.cors.DefaultCorsProcessor        : Reject: 'https://6803-2001-f40-905-afd-3c54-cb9d-25c6-45c2.ngrok-free.app' origin is not allowed
2024-07-29T10:06:40.514+08:00 DEBUG 17980 --- [taskmanager] [http-nio-8080-exec-2] o.s.web.cors.DefaultCorsProcessor        : Reject: 'https://6803-2001-f40-905-afd-3c54-cb9d-25c6-45c2.ngrok-free.app' origin is not allowed
2024-07-29T10:24:44.769+08:00 DEBUG 17980 --- [taskmanager] [http-nio-8080-exec-4] o.s.web.cors.DefaultCorsProcessor        : Reject: 'https://6803-2001-f40-905-afd-3c54-cb9d-25c6-45c2.ngrok-free.app' origin is not allowed
2024-07-29T10:24:44.772+08:00 DEBUG 17980 --- [taskmanager] [http-nio-8080-exec-5] o.s.web.cors.DefaultCorsProcessor        : Reject: 'https://6803-2001-f40-905-afd-3c54-cb9d-25c6-45c2.ngrok-free.app' origin is not allowed
2024-07-29T10:25:45.212+08:00 DEBUG 17980 --- [taskmanager] [http-nio-8080-exec-6] o.s.web.cors.DefaultCorsProcessor        : Reject: 'https://6803-2001-f40-905-afd-3c54-cb9d-25c6-45c2.ngrok-free.app' origin is not allowed
2024-07-29T10:25:45.215+08:00 DEBUG 17980 --- [taskmanager] [http-nio-8080-exec-7] o.s.web.cors.DefaultCorsProcessor        : Reject: 'https://6803-2001-f40-905-afd-3c54-cb9d-25c6-45c2.ngrok-free.app' origin is not allowed
2024-07-29T10:25:45.320+08:00 DEBUG 17980 --- [taskmanager] [http-nio-8080-exec-8] o.s.web.cors.DefaultCorsProcessor        : Reject: 'https://6803-2001-f40-905-afd-3c54-cb9d-25c6-45c2.ngrok-free.app' origin is not allowed
2024-07-29T10:25:45.323+08:00 DEBUG 17980 --- [taskmanager] [http-nio-8080-exec-9] o.s.web.cors.DefaultCorsProcessor        : Reject: 'https://6803-2001-f40-905-afd-3c54-cb9d-25c6-45c2.ngrok-free.app' origin is not allowed
2024-07-29T10:25:48.965+08:00 DEBUG 17980 --- [taskmanager] [http-nio-8080-exec-10] o.s.web.cors.DefaultCorsProcessor        : Reject: 'https://6803-2001-f40-905-afd-3c54-cb9d-25c6-45c2.ngrok-free.app' origin is not allowed
2024-07-29T10:25:48.969+08:00 DEBUG 17980 --- [taskmanager] [http-nio-8080-exec-1] o.s.web.cors.DefaultCorsProcessor        : Reject: 'https://6803-2001-f40-905-afd-3c54-cb9d-25c6-45c2.ngrok-free.app' origin is not allowed
2024-07-29T10:25:54.538+08:00 DEBUG 17980 --- [taskmanager] [http-nio-8080-exec-2] o.s.web.cors.DefaultCorsProcessor        : Reject: 'https://6803-2001-f40-905-afd-3c54-cb9d-25c6-45c2.ngrok-free.app' origin is not allowed
2024-07-29T10:25:54.540+08:00 DEBUG 17980 --- [taskmanager] [http-nio-8080-exec-3] o.s.web.cors.DefaultCorsProcessor        : Reject: 'https://6803-2001-f40-905-afd-3c54-cb9d-25c6-45c2.ngrok-free.app' origin is not allowed
2024-07-29T10:25:57.307+08:00 DEBUG 17980 --- [taskmanager] [http-nio-8080-exec-4] o.s.web.cors.DefaultCorsProcessor        : Reject: 'https://6803-2001-f40-905-afd-3c54-cb9d-25c6-45c2.ngrok-free.app' origin is not allowed
2024-07-29T10:25:57.310+08:00 DEBUG 17980 --- [taskmanager] [http-nio-8080-exec-5] o.s.web.cors.DefaultCorsProcessor        : Reject: 'https://6803-2001-f40-905-afd-3c54-cb9d-25c6-45c2.ngrok-free.app' origin is not allowed
2024-07-29T10:26:03.297+08:00 DEBUG 17980 --- [taskmanager] [http-nio-8080-exec-6] o.s.web.cors.DefaultCorsProcessor        : Reject: 'https://6803-2001-f40-905-afd-3c54-cb9d-25c6-45c2.ngrok-free.app' origin is not allowed
2024-07-29T10:26:03.299+08:00 DEBUG 17980 --- [taskmanager] [http-nio-8080-exec-7] o.s.web.cors.DefaultCorsProcessor        : Reject: 'https://6803-2001-f40-905-afd-3c54-cb9d-25c6-45c2.ngrok-free.app' origin is not allowed
2024-07-29T10:26:28.168+08:00 DEBUG 17980 --- [taskmanager] [http-nio-8080-exec-8] o.s.web.cors.DefaultCorsProcessor        : Reject: 'https://6803-2001-f40-905-afd-3c54-cb9d-25c6-45c2.ngrok-free.app' origin is not allowed
2024-07-29T10:26:28.172+08:00 DEBUG 17980 --- [taskmanager] [http-nio-8080-exec-9] o.s.web.cors.DefaultCorsProcessor        : Reject: 'https://6803-2001-f40-905-afd-3c54-cb9d-25c6-45c2.ngrok-free.app' origin is not allowed
2024-07-29T10:26:51.442+08:00 DEBUG 17980 --- [taskmanager] [http-nio-8080-exec-10] o.s.web.cors.DefaultCorsProcessor        : Reject: 'https://6803-2001-f40-905-afd-3c54-cb9d-25c6-45c2.ngrok-free.app' origin is not allowed
2024-07-29T10:26:51.445+08:00 DEBUG 17980 --- [taskmanager] [http-nio-8080-exec-1] o.s.web.cors.DefaultCorsProcessor        : Reject: 'https://6803-2001-f40-905-afd-3c54-cb9d-25c6-45c2.ngrok-free.app' origin is not allowed
2024-07-29T10:31:23.597+08:00 DEBUG 17980 --- [taskmanager] [http-nio-8080-exec-3] o.s.web.cors.DefaultCorsProcessor        : Reject: 'https://6803-2001-f40-905-afd-3c54-cb9d-25c6-45c2.ngrok-free.app' origin is not allowed
2024-07-29T10:31:23.601+08:00 DEBUG 17980 --- [taskmanager] [http-nio-8080-exec-4] o.s.web.cors.DefaultCorsProcessor        : Reject: 'https://6803-2001-f40-905-afd-3c54-cb9d-25c6-45c2.ngrok-free.app' origin is not allowed
2024-07-29T10:31:34.150+08:00 DEBUG 17980 --- [taskmanager] [http-nio-8080-exec-5] o.s.web.cors.DefaultCorsProcessor        : Reject: 'https://6803-2001-f40-905-afd-3c54-cb9d-25c6-45c2.ngrok-free.app' origin is not allowed
2024-07-29T10:31:34.153+08:00 DEBUG 17980 --- [taskmanager] [http-nio-8080-exec-6] o.s.web.cors.DefaultCorsProcessor        : Reject: 'https://6803-2001-f40-905-afd-3c54-cb9d-25c6-45c2.ngrok-free.app' origin is not allowed
2024-07-29T10:31:40.418+08:00 DEBUG 17980 --- [taskmanager] [http-nio-8080-exec-7] o.s.web.cors.DefaultCorsProcessor        : Reject: 'https://6803-2001-f40-905-afd-3c54-cb9d-25c6-45c2.ngrok-free.app' origin is not allowed
2024-07-29T10:31:40.421+08:00 DEBUG 17980 --- [taskmanager] [http-nio-8080-exec-8] o.s.web.cors.DefaultCorsProcessor        : Reject: 'https://6803-2001-f40-905-afd-3c54-cb9d-25c6-45c2.ngrok-free.app' origin is not allowed
2024-07-29T10:31:46.589+08:00 DEBUG 17980 --- [taskmanager] [http-nio-8080-exec-9] o.s.web.cors.DefaultCorsProcessor        : Reject: 'https://6803-2001-f40-905-afd-3c54-cb9d-25c6-45c2.ngrok-free.app' origin is not allowed
2024-07-29T10:31:46.592+08:00 DEBUG 17980 --- [taskmanager] [http-nio-8080-exec-10] o.s.web.cors.DefaultCorsProcessor        : Reject: 'https://6803-2001-f40-905-afd-3c54-cb9d-25c6-45c2.ngrok-free.app' origin is not allowed
2024-07-29T10:34:52.589+08:00 DEBUG 17980 --- [taskmanager] [http-nio-8080-exec-2] o.s.web.cors.DefaultCorsProcessor        : Reject: 'https://6803-2001-f40-905-afd-3c54-cb9d-25c6-45c2.ngrok-free.app' origin is not allowed
2024-07-29T10:34:52.591+08:00 DEBUG 17980 --- [taskmanager] [http-nio-8080-exec-3] o.s.web.cors.DefaultCorsProcessor        : Reject: 'https://6803-2001-f40-905-afd-3c54-cb9d-25c6-45c2.ngrok-free.app' origin is not allowed
2024-07-29T10:34:58.584+08:00 DEBUG 17980 --- [taskmanager] [http-nio-8080-exec-4] o.s.web.cors.DefaultCorsProcessor        : Reject: 'https://6803-2001-f40-905-afd-3c54-cb9d-25c6-45c2.ngrok-free.app' origin is not allowed
2024-07-29T10:34:58.587+08:00 DEBUG 17980 --- [taskmanager] [http-nio-8080-exec-5] o.s.web.cors.DefaultCorsProcessor        : Reject: 'https://6803-2001-f40-905-afd-3c54-cb9d-25c6-45c2.ngrok-free.app' origin is not allowed
2024-07-29T10:36:28.310+08:00 DEBUG 17980 --- [taskmanager] [http-nio-8080-exec-7] o.s.web.cors.DefaultCorsProcessor        : Reject: 'https://6803-2001-f40-905-afd-3c54-cb9d-25c6-45c2.ngrok-free.app' origin is not allowed
2024-07-29T10:36:28.313+08:00 DEBUG 17980 --- [taskmanager] [http-nio-8080-exec-8] o.s.web.cors.DefaultCorsProcessor        : Reject: 'https://6803-2001-f40-905-afd-3c54-cb9d-25c6-45c2.ngrok-free.app' origin is not allowed
2024-07-29T10:36:28.505+08:00 DEBUG 17980 --- [taskmanager] [http-nio-8080-exec-9] o.s.web.cors.DefaultCorsProcessor        : Reject: 'https://6803-2001-f40-905-afd-3c54-cb9d-25c6-45c2.ngrok-free.app' origin is not allowed
2024-07-29T10:36:28.507+08:00 DEBUG 17980 --- [taskmanager] [http-nio-8080-exec-10] o.s.web.cors.DefaultCorsProcessor        : Reject: 'https://6803-2001-f40-905-afd-3c54-cb9d-25c6-45c2.ngrok-free.app' origin is not allowed
2024-07-29T10:36:35.195+08:00 DEBUG 17980 --- [taskmanager] [http-nio-8080-exec-1] o.s.web.cors.DefaultCorsProcessor        : Reject: 'https://6803-2001-f40-905-afd-3c54-cb9d-25c6-45c2.ngrok-free.app' origin is not allowed
2024-07-29T10:36:35.198+08:00 DEBUG 17980 --- [taskmanager] [http-nio-8080-exec-2] o.s.web.cors.DefaultCorsProcessor        : Reject: 'https://6803-2001-f40-905-afd-3c54-cb9d-25c6-45c2.ngrok-free.app' origin is not allowed
